[2022-08-05T11:28:44+08:00][sql] CONNECT:[ UseTime:0.012353s ] mysql:host=127.0.0.1;port=3306;dbname=swiftadmin;charset=utf8mb4
[2022-08-05T11:28:44+08:00][sql] SHOW FULL COLUMNS FROM `sa_config` [ RunTime:0.005388s ]
[2022-08-05T11:28:44+08:00][sql] SELECT * FROM `sa_config` [ RunTime:0.000657s ]
[2022-08-05T11:28:45+08:00][sql] CONNECT:[ UseTime:0.012994s ] mysql:host=127.0.0.1;port=3306;dbname=swiftadmin;charset=utf8mb4
[2022-08-05T11:28:45+08:00][sql] SHOW FULL COLUMNS FROM `sa_admin` [ RunTime:0.004577s ]
[2022-08-05T11:28:52+08:00][sql] CONNECT:[ UseTime:0.020518s ] mysql:host=127.0.0.1;port=3306;dbname=swiftadmin;charset=utf8mb4
[2022-08-05T11:28:52+08:00][sql] SHOW FULL COLUMNS FROM `sa_admin` [ RunTime:0.005903s ]
[2022-08-05T11:28:52+08:00][sql] SELECT * FROM `sa_admin` WHERE  `pwd` = '13682bec405cf4b9002e6e8306312ce6'  AND `name` = 'admin' LIMIT 1 [ RunTime:0.000685s ]
[2022-08-05T11:28:52+08:00][sql] UPDATE `sa_admin`  SET `count` = 215 , `login_ip` = 2130706433 , `login_time` = 1659670132 , `update_time` = 1659670132  WHERE  `id` = 1 [ RunTime:0.000498s ]
[2022-08-05T11:28:52+08:00][sql] SELECT `nickname` FROM `sa_admin` WHERE  `name` = 'admin' LIMIT 1 [ RunTime:0.000563s ]
[2022-08-05T11:28:52+08:00][sql] SHOW FULL COLUMNS FROM `sa_login_log` [ RunTime:0.005292s ]
[2022-08-05T11:28:52+08:00][sql] INSERT INTO `sa_login_log` SET `user_ip` = '127.0.0.1' , `user_agent` = 'Mozilla/5.0 (Windows NT 10.0; Win64; x64; rv:103.0) Gecko/20100101 Firefox/103.0' , `user_os` = 'Windows NT 10.0' , `user_browser` = 'Gecko/20100101 Firefox/103.0' , `name` = 'admin' , `nickname` = '权栈' , `error` = '登录成功！' , `status` = 1 , `create_time` = 1659670132 , `update_time` = 1659670132 [ RunTime:0.000514s ]
[2022-08-05T11:28:52+08:00][sql] SHOW FULL COLUMNS FROM `sa_config` [ RunTime:0.005320s ]
[2022-08-05T11:28:52+08:00][sql] SELECT * FROM `sa_config` [ RunTime:0.000815s ]
[2022-08-05T11:28:52+08:00][sql] CONNECT:[ UseTime:0.002011s ] mysql:host=127.0.0.1;port=3306;dbname=swiftadmin;charset=utf8mb4
[2022-08-05T11:28:52+08:00][sql] SHOW FULL COLUMNS FROM `sa_config` [ RunTime:0.001150s ]
[2022-08-05T11:28:52+08:00][sql] SELECT * FROM `sa_config` [ RunTime:0.000587s ]
[2022-08-05T11:28:52+08:00][sql] SELECT * FROM `sa_config` [ RunTime:0.000997s ]
[2022-08-05T11:28:52+08:00][sql] CONNECT:[ UseTime:0.012401s ] mysql:host=127.0.0.1;port=3306;dbname=swiftadmin;charset=utf8mb4
[2022-08-05T11:28:52+08:00][sql] SHOW FULL COLUMNS FROM `sa_admin` [ RunTime:0.006181s ]
[2022-08-05T11:28:52+08:00][sql] SELECT `group_id` FROM `sa_admin` WHERE  `id` = 1 LIMIT 1 [ RunTime:0.000601s ]
[2022-08-05T11:28:52+08:00][sql] SHOW FULL COLUMNS FROM `sa_config` [ RunTime:0.005360s ]
[2022-08-05T11:28:52+08:00][sql] SELECT * FROM `sa_config` [ RunTime:0.000767s ]
[2022-08-05T11:28:52+08:00][sql] SHOW FULL COLUMNS FROM `sa_jobs` [ RunTime:0.005874s ]
[2022-08-05T11:28:52+08:00][sql] SELECT * FROM `sa_jobs` WHERE `sa_jobs`.`delete_time` IS NULL [ RunTime:0.000949s ]
[2022-08-05T11:28:52+08:00][sql] SHOW FULL COLUMNS FROM `sa_admin_group` [ RunTime:0.005463s ]
[2022-08-05T11:28:52+08:00][sql] SELECT * FROM `sa_admin_group` [ RunTime:0.000656s ]
[2022-08-05T11:28:52+08:00][sql] SHOW FULL COLUMNS FROM `sa_department` [ RunTime:0.005633s ]
[2022-08-05T11:28:52+08:00][sql] SELECT * FROM `sa_department` WHERE `sa_department`.`delete_time` IS NULL [ RunTime:0.000572s ]
[2022-08-05T11:28:52+08:00][sql] SHOW FULL COLUMNS FROM `sa_admin_access` [ RunTime:0.005423s ]
[2022-08-05T11:28:52+08:00][sql] SELECT * FROM `sa_admin_access` WHERE  `admin_id` = 1 LIMIT 1 [ RunTime:0.000478s ]
[2022-08-05T11:28:52+08:00][sql] SELECT * FROM `sa_admin_group` WHERE  `id` = 1 [ RunTime:0.000586s ]
[2022-08-05T11:28:52+08:00][sql] SELECT `group_id` FROM `sa_admin` WHERE  `id` = 1 LIMIT 1 [ RunTime:0.000456s ]
[2022-08-05T11:28:52+08:00][sql] SHOW FULL COLUMNS FROM `sa_admin_rules` [ RunTime:0.005172s ]
[2022-08-05T11:28:52+08:00][sql] SELECT * FROM `sa_admin_rules` WHERE (  `status` = 1 ) AND `sa_admin_rules`.`delete_time` IS NULL ORDER BY `sort` ASC [ RunTime:0.001135s ]
[2022-08-05T11:28:52+08:00][sql] SELECT `group_id` FROM `sa_admin` WHERE  `id` = 1 LIMIT 1 [ RunTime:0.000632s ]
[2022-08-05T11:28:52+08:00][sql] CONNECT:[ UseTime:0.022411s ] mysql:host=127.0.0.1;port=3306;dbname=swiftadmin;charset=utf8mb4
[2022-08-05T11:28:52+08:00][sql] SHOW FULL COLUMNS FROM `sa_admin` [ RunTime:0.005155s ]
[2022-08-05T11:28:52+08:00][sql] SELECT `group_id` FROM `sa_admin` WHERE  `id` = 1 LIMIT 1 [ RunTime:0.000592s ]
[2022-08-05T11:28:52+08:00][sql] SHOW FULL COLUMNS FROM `sa_config` [ RunTime:0.001122s ]
[2022-08-05T11:28:52+08:00][sql] SELECT * FROM `sa_config` [ RunTime:0.000582s ]
[2022-08-05T11:28:52+08:00][sql] SHOW FULL COLUMNS FROM `sa_user` [ RunTime:0.005149s ]
[2022-08-05T11:28:52+08:00][sql] SELECT FROM_UNIXTIME(create_time, '%m-%d') as day,count(*) as count FROM `sa_user` WHERE (  `create_time` BETWEEN 1657036800 AND 1659715199 ) AND `sa_user`.`delete_time` IS NULL GROUP BY `create_time` [ RunTime:0.001201s ]
[2022-08-05T11:28:52+08:00][sql] SELECT FROM_UNIXTIME(login_time, '%m-%d') as day,count(*) as count FROM `sa_user` WHERE (  `login_time` BETWEEN 1657036800 AND 1659715199 ) AND `sa_user`.`delete_time` IS NULL GROUP BY `login_time` [ RunTime:0.000700s ]
[2022-08-05T11:28:52+08:00][sql] SELECT FROM_UNIXTIME(create_time, '%m-%d') as day,count(*) as count FROM `sa_user` WHERE (  `create_time` BETWEEN 1657036800 AND 1659715199  AND `invite_id` <> 0 ) AND `sa_user`.`delete_time` IS NULL GROUP BY `create_time` [ RunTime:0.000818s ]
[2022-08-05T11:28:52+08:00][sql] SELECT group_id,count(id) as count FROM `sa_user` WHERE `sa_user`.`delete_time` IS NULL GROUP BY `group_id` [ RunTime:0.000499s ]
[2022-08-05T11:28:52+08:00][sql] SHOW FULL COLUMNS FROM `sa_user_group` [ RunTime:0.001101s ]
[2022-08-05T11:28:52+08:00][sql] SELECT `title` FROM `sa_user_group` WHERE (  `id` = 1 ) AND `sa_user_group`.`delete_time` IS NULL LIMIT 1 [ RunTime:0.000446s ]
[2022-08-05T11:28:52+08:00][sql] SELECT COUNT(*) AS think_count FROM `sa_user` WHERE (  `gender` = 1 ) AND `sa_user`.`delete_time` IS NULL LIMIT 1 [ RunTime:0.000374s ]
[2022-08-05T11:28:52+08:00][sql] SELECT COUNT(*) AS think_count FROM `sa_user` WHERE (  `gender` = 0 ) AND `sa_user`.`delete_time` IS NULL LIMIT 1 [ RunTime:0.000342s ]
[2022-08-05T11:28:52+08:00][sql] SHOW TABLE STATUS [ RunTime:0.034617s ]
[2022-08-05T11:28:52+08:00][sql] SHOW FULL COLUMNS FROM `sa_attachment` [ RunTime:0.000916s ]
[2022-08-05T11:28:52+08:00][sql] SELECT COUNT(*) AS think_count FROM `sa_attachment` LIMIT 1 [ RunTime:0.000322s ]
[2022-08-05T11:28:52+08:00][sql] SELECT SUM(`filesize`) AS think_sum FROM `sa_attachment` LIMIT 1 [ RunTime:0.000346s ]
[2022-08-05T11:28:52+08:00][sql] SHOW FULL COLUMNS FROM `sa_system_log` [ RunTime:0.000771s ]
[2022-08-05T11:28:52+08:00][sql] SELECT COUNT(`id`) AS think_count FROM `sa_system_log` LIMIT 1 [ RunTime:0.000306s ]
[2022-08-05T11:28:52+08:00][sql] SELECT COUNT(`id`) AS think_count FROM `sa_system_log` WHERE  `line` > 0 LIMIT 1 [ RunTime:0.000370s ]
[2022-08-05T11:28:52+08:00][sql] SHOW FULL COLUMNS FROM `sa_user_validate` [ RunTime:0.001222s ]
[2022-08-05T11:28:52+08:00][sql] SELECT COUNT(`id`) AS think_count FROM `sa_user_validate` WHERE (  `email` IS NOT NULL ) AND `sa_user_validate`.`delete_time` IS NULL LIMIT 1 [ RunTime:0.000364s ]
[2022-08-05T11:28:52+08:00][sql] SELECT COUNT(`id`) AS think_count FROM `sa_user_validate` WHERE (  `mobile` IS NOT NULL ) AND `sa_user_validate`.`delete_time` IS NULL LIMIT 1 [ RunTime:0.000307s ]
[2022-08-05T11:28:52+08:00][sql] SELECT COUNT(`id`) AS think_count FROM `sa_user` WHERE `sa_user`.`delete_time` IS NULL LIMIT 1 [ RunTime:0.000316s ]
[2022-08-05T11:28:52+08:00][sql] SHOW FULL COLUMNS FROM `sa_user_third` [ RunTime:0.000782s ]
[2022-08-05T11:28:52+08:00][sql] SELECT COUNT(`id`) AS think_count FROM `sa_user_third` LIMIT 1 [ RunTime:0.000299s ]
[2022-08-05T11:28:52+08:00][sql] SELECT * FROM `sa_config` [ RunTime:0.000829s ]
[2022-08-05T11:29:06+08:00][sql] CONNECT:[ UseTime:0.013948s ] mysql:host=127.0.0.1;port=3306;dbname=swiftadmin;charset=utf8mb4
[2022-08-05T11:29:06+08:00][sql] SHOW FULL COLUMNS FROM `sa_admin` [ RunTime:0.005542s ]
[2022-08-05T11:29:06+08:00][sql] SELECT `group_id` FROM `sa_admin` WHERE  `id` = 1 LIMIT 1 [ RunTime:0.000681s ]
[2022-08-05T11:29:06+08:00][sql] SHOW FULL COLUMNS FROM `sa_config` [ RunTime:0.005635s ]
[2022-08-05T11:29:06+08:00][sql] SELECT * FROM `sa_config` [ RunTime:0.000611s ]
[2022-08-05T11:29:06+08:00][sql] SELECT * FROM `sa_config` [ RunTime:0.000737s ]
[2022-08-05T11:29:06+08:00][sql] SELECT * FROM `sa_config` [ RunTime:0.000718s ]
[2022-08-05T15:10:28+08:00][sql] CONNECT:[ UseTime:0.001583s ] mysql:host=127.0.0.1;port=3306;dbname=swiftadmin;charset=utf8mb4
[2022-08-05T15:10:28+08:00][sql] SHOW FULL COLUMNS FROM `sa_admin` [ RunTime:0.005660s ]
[2022-08-05T15:10:28+08:00][sql] SELECT `group_id` FROM `sa_admin` WHERE  `id` = 1 LIMIT 1 [ RunTime:0.000512s ]
[2022-08-05T15:10:28+08:00][sql] SHOW FULL COLUMNS FROM `sa_config` [ RunTime:0.004266s ]
[2022-08-05T15:10:28+08:00][sql] SELECT * FROM `sa_config` [ RunTime:0.000496s ]
[2022-08-05T15:10:28+08:00][sql] SELECT * FROM `sa_config` [ RunTime:0.000714s ]
[2022-08-05T15:10:30+08:00][sql] CONNECT:[ UseTime:0.001477s ] mysql:host=127.0.0.1;port=3306;dbname=swiftadmin;charset=utf8mb4
[2022-08-05T15:10:30+08:00][sql] SHOW FULL COLUMNS FROM `sa_admin` [ RunTime:0.001024s ]
[2022-08-05T15:10:30+08:00][sql] SELECT `group_id` FROM `sa_admin` WHERE  `id` = 1 LIMIT 1 [ RunTime:0.000552s ]
[2022-08-05T15:10:30+08:00][sql] SHOW FULL COLUMNS FROM `sa_config` [ RunTime:0.001453s ]
[2022-08-05T15:10:30+08:00][sql] SELECT * FROM `sa_config` [ RunTime:0.000815s ]
[2022-08-05T15:10:30+08:00][sql] SELECT * FROM `sa_config` [ RunTime:0.000739s ]
[2022-08-05T15:10:33+08:00][sql] CONNECT:[ UseTime:0.011926s ] mysql:host=127.0.0.1;port=3306;dbname=swiftadmin;charset=utf8mb4
[2022-08-05T15:10:33+08:00][sql] SHOW FULL COLUMNS FROM `sa_admin` [ RunTime:0.004902s ]
[2022-08-05T15:10:33+08:00][sql] SELECT `group_id` FROM `sa_admin` WHERE  `id` = 1 LIMIT 1 [ RunTime:0.000437s ]
[2022-08-05T15:10:33+08:00][sql] SHOW FULL COLUMNS FROM `sa_config` [ RunTime:0.005440s ]
[2022-08-05T15:10:33+08:00][sql] SELECT * FROM `sa_config` [ RunTime:0.000679s ]
[2022-08-05T15:10:33+08:00][sql] SELECT * FROM `sa_config` [ RunTime:0.000818s ]
[2022-08-05T15:10:33+08:00][sql] SELECT * FROM `sa_config` [ RunTime:0.000695s ]
[2022-08-05T15:12:59+08:00][sql] CONNECT:[ UseTime:0.001832s ] mysql:host=127.0.0.1;port=3306;dbname=swiftadmin;charset=utf8mb4
[2022-08-05T15:12:59+08:00][sql] SHOW FULL COLUMNS FROM `sa_config` [ RunTime:0.001652s ]
[2022-08-05T15:12:59+08:00][sql] SELECT * FROM `sa_config` [ RunTime:0.000786s ]
[2022-08-05T15:12:59+08:00][sql] CONNECT:[ UseTime:0.001856s ] mysql:host=127.0.0.1;port=3306;dbname=swiftadmin;charset=utf8mb4
[2022-08-05T15:12:59+08:00][sql] SHOW FULL COLUMNS FROM `sa_admin` [ RunTime:0.005306s ]
[2022-08-05T15:13:00+08:00][sql] CONNECT:[ UseTime:0.002156s ] mysql:host=127.0.0.1;port=3306;dbname=swiftadmin;charset=utf8mb4
[2022-08-05T15:13:00+08:00][sql] SHOW FULL COLUMNS FROM `sa_config` [ RunTime:0.001446s ]
[2022-08-05T15:13:00+08:00][sql] SELECT * FROM `sa_config` [ RunTime:0.000976s ]
[2022-08-05T15:13:00+08:00][sql] CONNECT:[ UseTime:0.004153s ] mysql:host=127.0.0.1;port=3306;dbname=swiftadmin;charset=utf8mb4
[2022-08-05T15:13:00+08:00][sql] SHOW FULL COLUMNS FROM `sa_config` [ RunTime:0.006177s ]
[2022-08-05T15:13:00+08:00][sql] SELECT * FROM `sa_config` [ RunTime:0.000794s ]
[2022-08-05T15:16:37+08:00][sql] CONNECT:[ UseTime:0.001824s ] mysql:host=127.0.0.1;port=3306;dbname=swiftadmin;charset=utf8mb4
[2022-08-05T15:16:37+08:00][sql] SHOW FULL COLUMNS FROM `sa_admin` [ RunTime:0.005504s ]
[2022-08-05T15:16:37+08:00][sql] SELECT `group_id` FROM `sa_admin` WHERE  `id` = 1 LIMIT 1 [ RunTime:0.000453s ]
[2022-08-05T15:16:37+08:00][sql] SHOW FULL COLUMNS FROM `sa_config` [ RunTime:0.001423s ]
[2022-08-05T15:16:37+08:00][sql] SELECT * FROM `sa_config` [ RunTime:0.000826s ]
[2022-08-05T15:16:37+08:00][sql] SHOW FULL COLUMNS FROM `sa_admin_rules` [ RunTime:0.006755s ]
[2022-08-05T15:16:37+08:00][sql] SELECT * FROM `sa_config` [ RunTime:0.001175s ]
[2022-08-05T15:16:38+08:00][sql] CONNECT:[ UseTime:0.022032s ] mysql:host=127.0.0.1;port=3306;dbname=swiftadmin;charset=utf8mb4
[2022-08-05T15:16:38+08:00][sql] SHOW FULL COLUMNS FROM `sa_admin` [ RunTime:0.001358s ]
[2022-08-05T15:16:38+08:00][sql] SELECT `group_id` FROM `sa_admin` WHERE  `id` = 1 LIMIT 1 [ RunTime:0.000392s ]
[2022-08-05T15:16:38+08:00][sql] SHOW FULL COLUMNS FROM `sa_config` [ RunTime:0.001049s ]
[2022-08-05T15:16:38+08:00][sql] SELECT * FROM `sa_config` [ RunTime:0.000501s ]
[2022-08-05T15:16:38+08:00][sql] SHOW FULL COLUMNS FROM `sa_admin_rules` [ RunTime:0.001211s ]
[2022-08-05T15:16:38+08:00][sql] SELECT COUNT(*) AS think_count FROM `sa_admin_rules` WHERE `sa_admin_rules`.`delete_time` IS NULL LIMIT 1 [ RunTime:0.000758s ]
[2022-08-05T15:16:38+08:00][sql] SELECT * FROM `sa_admin_rules` WHERE `sa_admin_rules`.`delete_time` IS NULL ORDER BY `sort` ASC [ RunTime:0.000962s ]
[2022-08-05T15:16:38+08:00][sql] SELECT *,title as name FROM `sa_admin_rules` WHERE `sa_admin_rules`.`delete_time` IS NULL ORDER BY `sort` ASC [ RunTime:0.001144s ]
[2022-08-05T15:16:38+08:00][sql] SELECT * FROM `sa_config` [ RunTime:0.000970s ]
[2022-08-05T16:49:27+08:00][sql] CONNECT:[ UseTime:0.003573s ] mysql:host=127.0.0.1;port=3306;dbname=swiftadmin;charset=utf8mb4
[2022-08-05T16:49:27+08:00][sql] SHOW FULL COLUMNS FROM `sa_admin` [ RunTime:0.005960s ]
[2022-08-05T16:49:27+08:00][sql] SELECT `group_id` FROM `sa_admin` WHERE  `id` = 1 LIMIT 1 [ RunTime:0.001191s ]
[2022-08-05T16:49:27+08:00][sql] SHOW FULL COLUMNS FROM `sa_config` [ RunTime:0.001212s ]
[2022-08-05T16:49:27+08:00][sql] SELECT * FROM `sa_config` [ RunTime:0.000558s ]
[2022-08-05T16:49:27+08:00][sql] SHOW FULL COLUMNS FROM `sa_jobs` [ RunTime:0.007001s ]
[2022-08-05T16:49:27+08:00][sql] SELECT * FROM `sa_jobs` WHERE `sa_jobs`.`delete_time` IS NULL [ RunTime:0.000922s ]
[2022-08-05T16:49:27+08:00][sql] SHOW FULL COLUMNS FROM `sa_admin_group` [ RunTime:0.005150s ]
[2022-08-05T16:49:27+08:00][sql] SELECT * FROM `sa_admin_group` [ RunTime:0.000997s ]
[2022-08-05T16:49:27+08:00][sql] SHOW FULL COLUMNS FROM `sa_department` [ RunTime:0.005970s ]
[2022-08-05T16:49:27+08:00][sql] SELECT * FROM `sa_department` WHERE `sa_department`.`delete_time` IS NULL [ RunTime:0.000962s ]
[2022-08-05T16:49:27+08:00][sql] SELECT * FROM `sa_admin` WHERE  `id` = 1 LIMIT 1 [ RunTime:0.000853s ]
[2022-08-05T16:49:27+08:00][sql] SELECT `title` FROM `sa_admin_group` WHERE  `id` = 1 [ RunTime:0.000805s ]
[2022-08-05T16:49:27+08:00][sql] SELECT * FROM `sa_config` [ RunTime:0.000899s ]
