[2022-08-10T09:32:45+08:00][sql] CONNECT:[ UseTime:0.025239s ] mysql:host=127.0.0.1;port=3306;dbname=swiftadmin;charset=utf8mb4
[2022-08-10T09:32:45+08:00][sql] SHOW FULL COLUMNS FROM `sa_config` [ RunTime:0.005323s ]
[2022-08-10T09:32:45+08:00][sql] SELECT * FROM `sa_config` [ RunTime:0.000600s ]
[2022-08-10T09:32:45+08:00][sql] SELECT * FROM `sa_config` [ RunTime:0.000880s ]
[2022-08-10T09:32:45+08:00][sql] CONNECT:[ UseTime:0.012583s ] mysql:host=127.0.0.1;port=3306;dbname=swiftadmin;charset=utf8mb4
[2022-08-10T09:32:45+08:00][sql] SHOW FULL COLUMNS FROM `sa_admin` [ RunTime:0.006540s ]
[2022-08-10T09:32:45+08:00][sql] SELECT `group_id` FROM `sa_admin` WHERE  `id` = 1 LIMIT 1 [ RunTime:0.000399s ]
[2022-08-10T09:32:45+08:00][sql] SHOW FULL COLUMNS FROM `sa_config` [ RunTime:0.004446s ]
[2022-08-10T09:32:45+08:00][sql] SELECT * FROM `sa_config` [ RunTime:0.000745s ]
[2022-08-10T09:32:45+08:00][sql] SHOW FULL COLUMNS FROM `sa_jobs` [ RunTime:0.008206s ]
[2022-08-10T09:32:45+08:00][sql] SELECT * FROM `sa_jobs` WHERE `sa_jobs`.`delete_time` IS NULL [ RunTime:0.000820s ]
[2022-08-10T09:32:45+08:00][sql] SHOW FULL COLUMNS FROM `sa_admin_group` [ RunTime:0.006191s ]
[2022-08-10T09:32:45+08:00][sql] SELECT * FROM `sa_admin_group` [ RunTime:0.000370s ]
[2022-08-10T09:32:45+08:00][sql] SHOW FULL COLUMNS FROM `sa_department` [ RunTime:0.006008s ]
[2022-08-10T09:32:45+08:00][sql] SELECT * FROM `sa_department` WHERE `sa_department`.`delete_time` IS NULL [ RunTime:0.000361s ]
[2022-08-10T09:32:45+08:00][sql] SHOW FULL COLUMNS FROM `sa_admin_access` [ RunTime:0.005384s ]
[2022-08-10T09:32:45+08:00][sql] SELECT * FROM `sa_admin_access` WHERE  `admin_id` = 1 LIMIT 1 [ RunTime:0.002045s ]
[2022-08-10T09:32:45+08:00][sql] SELECT * FROM `sa_admin_group` WHERE  `id` = 1 [ RunTime:0.000829s ]
[2022-08-10T09:32:45+08:00][sql] SELECT `group_id` FROM `sa_admin` WHERE  `id` = 1 LIMIT 1 [ RunTime:0.000407s ]
[2022-08-10T09:32:45+08:00][sql] SHOW FULL COLUMNS FROM `sa_admin_rules` [ RunTime:0.005775s ]
[2022-08-10T09:32:45+08:00][sql] SELECT * FROM `sa_admin_rules` WHERE (  `status` = 1 ) AND `sa_admin_rules`.`delete_time` IS NULL ORDER BY `sort` ASC [ RunTime:0.001372s ]
[2022-08-10T09:32:45+08:00][sql] SELECT `group_id` FROM `sa_admin` WHERE  `id` = 1 LIMIT 1 [ RunTime:0.000556s ]
[2022-08-10T09:32:45+08:00][sql] CONNECT:[ UseTime:0.001846s ] mysql:host=127.0.0.1;port=3306;dbname=swiftadmin;charset=utf8mb4
[2022-08-10T09:32:45+08:00][sql] SHOW FULL COLUMNS FROM `sa_admin` [ RunTime:0.005831s ]
[2022-08-10T09:32:45+08:00][sql] SELECT `group_id` FROM `sa_admin` WHERE  `id` = 1 LIMIT 1 [ RunTime:0.000408s ]
[2022-08-10T09:32:45+08:00][sql] SHOW FULL COLUMNS FROM `sa_config` [ RunTime:0.004606s ]
[2022-08-10T09:32:45+08:00][sql] SELECT * FROM `sa_config` [ RunTime:0.000513s ]
[2022-08-10T09:32:45+08:00][sql] SHOW FULL COLUMNS FROM `sa_user` [ RunTime:0.007760s ]
[2022-08-10T09:32:45+08:00][sql] SELECT FROM_UNIXTIME(create_time, '%m-%d') as day,count(*) as count FROM `sa_user` WHERE (  `create_time` BETWEEN 1657468800 AND 1660147199 ) AND `sa_user`.`delete_time` IS NULL GROUP BY `create_time` [ RunTime:0.004867s ]
[2022-08-10T09:32:45+08:00][sql] SELECT FROM_UNIXTIME(login_time, '%m-%d') as day,count(*) as count FROM `sa_user` WHERE (  `login_time` BETWEEN 1657468800 AND 1660147199 ) AND `sa_user`.`delete_time` IS NULL GROUP BY `login_time` [ RunTime:0.000857s ]
[2022-08-10T09:32:45+08:00][sql] SELECT FROM_UNIXTIME(create_time, '%m-%d') as day,count(*) as count FROM `sa_user` WHERE (  `create_time` BETWEEN 1657468800 AND 1660147199  AND `invite_id` <> 0 ) AND `sa_user`.`delete_time` IS NULL GROUP BY `create_time` [ RunTime:0.000915s ]
[2022-08-10T09:32:45+08:00][sql] SELECT group_id,count(id) as count FROM `sa_user` WHERE `sa_user`.`delete_time` IS NULL GROUP BY `group_id` [ RunTime:0.000688s ]
[2022-08-10T09:32:45+08:00][sql] SHOW FULL COLUMNS FROM `sa_user_group` [ RunTime:0.007701s ]
[2022-08-10T09:32:45+08:00][sql] SELECT `title` FROM `sa_user_group` WHERE (  `id` = 1 ) AND `sa_user_group`.`delete_time` IS NULL LIMIT 1 [ RunTime:0.000450s ]
[2022-08-10T09:32:45+08:00][sql] SELECT COUNT(*) AS think_count FROM `sa_user` WHERE (  `gender` = 1 ) AND `sa_user`.`delete_time` IS NULL LIMIT 1 [ RunTime:0.000363s ]
[2022-08-10T09:32:45+08:00][sql] SELECT COUNT(*) AS think_count FROM `sa_user` WHERE (  `gender` = 0 ) AND `sa_user`.`delete_time` IS NULL LIMIT 1 [ RunTime:0.000330s ]
[2022-08-10T09:32:45+08:00][sql] SHOW TABLE STATUS [ RunTime:0.057142s ]
[2022-08-10T09:32:45+08:00][sql] SHOW FULL COLUMNS FROM `sa_attachment` [ RunTime:0.001432s ]
[2022-08-10T09:32:45+08:00][sql] SELECT COUNT(*) AS think_count FROM `sa_attachment` LIMIT 1 [ RunTime:0.000432s ]
[2022-08-10T09:32:45+08:00][sql] SELECT SUM(`filesize`) AS think_sum FROM `sa_attachment` LIMIT 1 [ RunTime:0.000469s ]
[2022-08-10T09:32:45+08:00][sql] SHOW FULL COLUMNS FROM `sa_system_log` [ RunTime:0.001054s ]
[2022-08-10T09:32:45+08:00][sql] SELECT COUNT(`id`) AS think_count FROM `sa_system_log` LIMIT 1 [ RunTime:0.000605s ]
[2022-08-10T09:32:45+08:00][sql] SELECT COUNT(`id`) AS think_count FROM `sa_system_log` WHERE  `line` > 0 LIMIT 1 [ RunTime:0.000495s ]
[2022-08-10T09:32:45+08:00][sql] SHOW FULL COLUMNS FROM `sa_user_validate` [ RunTime:0.000902s ]
[2022-08-10T09:32:45+08:00][sql] SELECT COUNT(`id`) AS think_count FROM `sa_user_validate` WHERE (  `email` IS NOT NULL ) AND `sa_user_validate`.`delete_time` IS NULL LIMIT 1 [ RunTime:0.000489s ]
[2022-08-10T09:32:45+08:00][sql] SELECT COUNT(`id`) AS think_count FROM `sa_user_validate` WHERE (  `mobile` IS NOT NULL ) AND `sa_user_validate`.`delete_time` IS NULL LIMIT 1 [ RunTime:0.000345s ]
[2022-08-10T09:32:45+08:00][sql] SELECT COUNT(`id`) AS think_count FROM `sa_user` WHERE `sa_user`.`delete_time` IS NULL LIMIT 1 [ RunTime:0.000298s ]
[2022-08-10T09:32:45+08:00][sql] SHOW FULL COLUMNS FROM `sa_user_third` [ RunTime:0.001466s ]
[2022-08-10T09:32:45+08:00][sql] SELECT COUNT(`id`) AS think_count FROM `sa_user_third` LIMIT 1 [ RunTime:0.000647s ]
[2022-08-10T09:32:45+08:00][sql] SELECT * FROM `sa_config` [ RunTime:0.000634s ]
[2022-08-10T09:32:54+08:00][sql] CONNECT:[ UseTime:0.002026s ] mysql:host=127.0.0.1;port=3306;dbname=swiftadmin;charset=utf8mb4
[2022-08-10T09:32:54+08:00][sql] SHOW FULL COLUMNS FROM `sa_admin` [ RunTime:0.005329s ]
[2022-08-10T09:32:54+08:00][sql] SELECT `group_id` FROM `sa_admin` WHERE  `id` = 1 LIMIT 1 [ RunTime:0.000528s ]
[2022-08-10T09:32:54+08:00][sql] SHOW FULL COLUMNS FROM `sa_config` [ RunTime:0.007004s ]
[2022-08-10T09:32:54+08:00][sql] SELECT * FROM `sa_config` [ RunTime:0.000581s ]
[2022-08-10T09:32:54+08:00][sql] SHOW FULL COLUMNS FROM `sa_jobs` [ RunTime:0.005118s ]
[2022-08-10T09:32:54+08:00][sql] SELECT * FROM `sa_config` [ RunTime:0.000692s ]
[2022-08-10T09:32:54+08:00][sql] CONNECT:[ UseTime:0.001717s ] mysql:host=127.0.0.1;port=3306;dbname=swiftadmin;charset=utf8mb4
[2022-08-10T09:32:54+08:00][sql] SHOW FULL COLUMNS FROM `sa_admin` [ RunTime:0.005108s ]
[2022-08-10T09:32:54+08:00][sql] SELECT `group_id` FROM `sa_admin` WHERE  `id` = 1 LIMIT 1 [ RunTime:0.000426s ]
[2022-08-10T09:32:54+08:00][sql] SHOW FULL COLUMNS FROM `sa_config` [ RunTime:0.004507s ]
[2022-08-10T09:32:54+08:00][sql] SELECT * FROM `sa_config` [ RunTime:0.000512s ]
[2022-08-10T09:32:54+08:00][sql] SHOW FULL COLUMNS FROM `sa_jobs` [ RunTime:0.005286s ]
[2022-08-10T09:32:54+08:00][sql] SELECT COUNT(*) AS think_count FROM `sa_jobs` WHERE `sa_jobs`.`delete_time` IS NULL LIMIT 1 [ RunTime:0.000621s ]
[2022-08-10T09:32:54+08:00][sql] SELECT * FROM `sa_jobs` WHERE `sa_jobs`.`delete_time` IS NULL ORDER BY `id` ASC LIMIT 0,10 [ RunTime:0.000672s ]
[2022-08-10T09:32:54+08:00][sql] SELECT * FROM `sa_config` [ RunTime:0.000666s ]
[2022-08-10T09:40:35+08:00][sql] CONNECT:[ UseTime:0.001709s ] mysql:host=127.0.0.1;port=3306;dbname=swiftadmin;charset=utf8mb4
[2022-08-10T09:40:35+08:00][sql] SHOW FULL COLUMNS FROM `sa_admin` [ RunTime:0.005325s ]
[2022-08-10T09:40:35+08:00][sql] SELECT `group_id` FROM `sa_admin` WHERE  `id` = 1 LIMIT 1 [ RunTime:0.000473s ]
[2022-08-10T09:40:35+08:00][sql] SHOW FULL COLUMNS FROM `sa_config` [ RunTime:0.004686s ]
[2022-08-10T09:40:35+08:00][sql] SELECT * FROM `sa_config` [ RunTime:0.000522s ]
[2022-08-10T09:40:35+08:00][sql] SHOW FULL COLUMNS FROM `sa_user` [ RunTime:0.004622s ]
[2022-08-10T09:40:35+08:00][sql] SHOW FULL COLUMNS FROM `sa_user_group` [ RunTime:0.004876s ]
[2022-08-10T09:40:35+08:00][sql] SELECT * FROM `sa_user_group` WHERE `sa_user_group`.`delete_time` IS NULL [ RunTime:0.000388s ]
[2022-08-10T09:40:35+08:00][sql] SELECT * FROM `sa_config` [ RunTime:0.000688s ]
[2022-08-10T09:40:35+08:00][sql] CONNECT:[ UseTime:0.016228s ] mysql:host=127.0.0.1;port=3306;dbname=swiftadmin;charset=utf8mb4
[2022-08-10T09:40:35+08:00][sql] SHOW FULL COLUMNS FROM `sa_admin` [ RunTime:0.005285s ]
[2022-08-10T09:40:35+08:00][sql] SELECT `group_id` FROM `sa_admin` WHERE  `id` = 1 LIMIT 1 [ RunTime:0.000405s ]
[2022-08-10T09:40:35+08:00][sql] SHOW FULL COLUMNS FROM `sa_config` [ RunTime:0.004812s ]
[2022-08-10T09:40:35+08:00][sql] SELECT * FROM `sa_config` [ RunTime:0.000821s ]
[2022-08-10T09:40:35+08:00][sql] SHOW FULL COLUMNS FROM `sa_user` [ RunTime:0.005640s ]
[2022-08-10T09:40:35+08:00][sql] SHOW FULL COLUMNS FROM `sa_user_group` [ RunTime:0.004944s ]
[2022-08-10T09:40:35+08:00][sql] SELECT * FROM `sa_user_group` WHERE `sa_user_group`.`delete_time` IS NULL [ RunTime:0.000470s ]
[2022-08-10T09:40:35+08:00][sql] SELECT COUNT(*) AS think_count FROM `sa_user` WHERE (  `status` = 1 ) AND `sa_user`.`delete_time` IS NULL LIMIT 1 [ RunTime:0.000625s ]
[2022-08-10T09:40:35+08:00][sql] SELECT * FROM `sa_user` WHERE (  `status` = 1 ) AND `sa_user`.`delete_time` IS NULL ORDER BY `id` ASC LIMIT 0,18 [ RunTime:0.000619s ]
[2022-08-10T09:40:35+08:00][sql] SELECT * FROM `sa_config` [ RunTime:0.000646s ]
[2022-08-10T09:40:35+08:00][sql] SELECT * FROM `sa_config` [ RunTime:0.000775s ]
[2022-08-10T09:53:28+08:00][sql] CONNECT:[ UseTime:0.001585s ] mysql:host=127.0.0.1;port=3306;dbname=swiftadmin;charset=utf8mb4
[2022-08-10T09:53:28+08:00][sql] SHOW FULL COLUMNS FROM `sa_admin` [ RunTime:0.004452s ]
[2022-08-10T09:53:28+08:00][sql] SELECT `group_id` FROM `sa_admin` WHERE  `id` = 1 LIMIT 1 [ RunTime:0.000346s ]
[2022-08-10T09:53:28+08:00][sql] SHOW FULL COLUMNS FROM `sa_config` [ RunTime:0.004595s ]
[2022-08-10T09:53:28+08:00][sql] SELECT * FROM `sa_config` [ RunTime:0.000494s ]
[2022-08-10T09:53:28+08:00][sql] SELECT * FROM `sa_config` [ RunTime:0.000650s ]
[2022-08-10T09:53:28+08:00][sql] SELECT * FROM `sa_config` [ RunTime:0.000654s ]
