[2022-08-17T15:08:30+08:00][sql] CONNECT:[ UseTime:0.001833s ] mysql:host=127.0.0.1;port=3306;dbname=swiftadmin;charset=utf8mb4
[2022-08-17T15:08:30+08:00][sql] SHOW FULL COLUMNS FROM `sa_config` [ RunTime:0.005025s ]
[2022-08-17T15:08:30+08:00][sql] SELECT * FROM `sa_config` [ RunTime:0.000694s ]
[2022-08-17T15:08:30+08:00][sql] CONNECT:[ UseTime:0.001805s ] mysql:host=127.0.0.1;port=3306;dbname=swiftadmin;charset=utf8mb4
[2022-08-17T15:08:30+08:00][sql] SHOW FULL COLUMNS FROM `sa_admin` [ RunTime:0.007194s ]
[2022-08-17T15:09:10+08:00][sql] CONNECT:[ UseTime:0.001508s ] mysql:host=127.0.0.1;port=3306;dbname=swiftadmin;charset=utf8mb4
[2022-08-17T15:09:10+08:00][sql] SHOW FULL COLUMNS FROM `sa_admin` [ RunTime:0.004796s ]
[2022-08-17T15:09:10+08:00][sql] SELECT * FROM `sa_admin` WHERE  `pwd` = '13682bec405cf4b9002e6e8306312ce6'  AND `name` = 'admin' LIMIT 1 [ RunTime:0.001380s ]
[2022-08-17T15:09:10+08:00][sql] UPDATE `sa_admin`  SET `count` = 216 , `login_time` = 1660720150 , `update_time` = 1660720150  WHERE  `id` = 1 [ RunTime:0.000628s ]
[2022-08-17T15:09:10+08:00][sql] SELECT `nickname` FROM `sa_admin` WHERE  `name` = 'admin' LIMIT 1 [ RunTime:0.000402s ]
[2022-08-17T15:09:10+08:00][sql] SHOW FULL COLUMNS FROM `sa_login_log` [ RunTime:0.006327s ]
[2022-08-17T15:09:10+08:00][sql] INSERT INTO `sa_login_log` SET `user_ip` = '127.0.0.1' , `user_agent` = 'Mozilla/5.0 (Windows NT 10.0; Win64; x64) AppleWebKit/537.36 (KHTML, like Gecko) Chrome/98.0.4758.102 Safari/537.36' , `user_os` = 'Windows NT 10.0' , `user_browser` = 'Chrome/98.0.4758.102 Safari/537.36' , `name` = 'admin' , `nickname` = '权栈' , `error` = '登录成功！' , `status` = 1 , `create_time` = 1660720150 , `update_time` = 1660720150 [ RunTime:0.000869s ]
[2022-08-17T15:09:10+08:00][sql] SHOW FULL COLUMNS FROM `sa_config` [ RunTime:0.005205s ]
[2022-08-17T15:09:10+08:00][sql] SELECT * FROM `sa_config` [ RunTime:0.000563s ]
[2022-08-17T15:09:11+08:00][sql] CONNECT:[ UseTime:0.001663s ] mysql:host=127.0.0.1;port=3306;dbname=swiftadmin;charset=utf8mb4
[2022-08-17T15:09:11+08:00][sql] SHOW FULL COLUMNS FROM `sa_config` [ RunTime:0.004535s ]
[2022-08-17T15:09:11+08:00][sql] SELECT * FROM `sa_config` [ RunTime:0.000534s ]
[2022-08-17T15:09:11+08:00][sql] SELECT * FROM `sa_config` [ RunTime:0.000650s ]
[2022-08-17T15:09:11+08:00][sql] CONNECT:[ UseTime:0.025058s ] mysql:host=127.0.0.1;port=3306;dbname=swiftadmin;charset=utf8mb4
[2022-08-17T15:09:11+08:00][sql] SHOW FULL COLUMNS FROM `sa_admin` [ RunTime:0.004987s ]
[2022-08-17T15:09:11+08:00][sql] SELECT `group_id` FROM `sa_admin` WHERE  `id` = 1 LIMIT 1 [ RunTime:0.000435s ]
[2022-08-17T15:09:11+08:00][sql] SHOW FULL COLUMNS FROM `sa_config` [ RunTime:0.005904s ]
[2022-08-17T15:09:11+08:00][sql] SELECT * FROM `sa_config` [ RunTime:0.000841s ]
[2022-08-17T15:09:11+08:00][sql] SHOW FULL COLUMNS FROM `sa_jobs` [ RunTime:0.006711s ]
[2022-08-17T15:09:11+08:00][sql] SELECT * FROM `sa_jobs` WHERE `sa_jobs`.`delete_time` IS NULL [ RunTime:0.000969s ]
[2022-08-17T15:09:11+08:00][sql] SHOW FULL COLUMNS FROM `sa_admin_group` [ RunTime:0.007211s ]
[2022-08-17T15:09:11+08:00][sql] SELECT * FROM `sa_admin_group` [ RunTime:0.000384s ]
[2022-08-17T15:09:11+08:00][sql] SHOW FULL COLUMNS FROM `sa_department` [ RunTime:0.006228s ]
[2022-08-17T15:09:11+08:00][sql] SELECT * FROM `sa_department` WHERE `sa_department`.`delete_time` IS NULL [ RunTime:0.000399s ]
[2022-08-17T15:09:11+08:00][sql] SHOW FULL COLUMNS FROM `sa_admin_access` [ RunTime:0.006244s ]
[2022-08-17T15:09:11+08:00][sql] SELECT * FROM `sa_admin_access` WHERE  `admin_id` = 1 LIMIT 1 [ RunTime:0.001440s ]
[2022-08-17T15:09:11+08:00][sql] SELECT * FROM `sa_admin_group` WHERE  `id` = 1 [ RunTime:0.000537s ]
[2022-08-17T15:09:11+08:00][sql] SELECT `group_id` FROM `sa_admin` WHERE  `id` = 1 LIMIT 1 [ RunTime:0.000314s ]
[2022-08-17T15:09:11+08:00][sql] SHOW FULL COLUMNS FROM `sa_admin_rules` [ RunTime:0.006746s ]
[2022-08-17T15:09:11+08:00][sql] SELECT * FROM `sa_admin_rules` WHERE (  `status` = 1 ) AND `sa_admin_rules`.`delete_time` IS NULL ORDER BY `sort` ASC [ RunTime:0.001388s ]
[2022-08-17T15:09:11+08:00][sql] SELECT `group_id` FROM `sa_admin` WHERE  `id` = 1 LIMIT 1 [ RunTime:0.000801s ]
[2022-08-17T15:09:11+08:00][sql] CONNECT:[ UseTime:0.015099s ] mysql:host=127.0.0.1;port=3306;dbname=swiftadmin;charset=utf8mb4
[2022-08-17T15:09:11+08:00][sql] SHOW FULL COLUMNS FROM `sa_admin` [ RunTime:0.004902s ]
[2022-08-17T15:09:11+08:00][sql] SELECT `group_id` FROM `sa_admin` WHERE  `id` = 1 LIMIT 1 [ RunTime:0.000375s ]
[2022-08-17T15:09:11+08:00][sql] SHOW FULL COLUMNS FROM `sa_config` [ RunTime:0.005118s ]
[2022-08-17T15:09:11+08:00][sql] SELECT * FROM `sa_config` [ RunTime:0.000571s ]
[2022-08-17T15:09:11+08:00][sql] SHOW FULL COLUMNS FROM `sa_user` [ RunTime:0.006654s ]
[2022-08-17T15:09:11+08:00][sql] SELECT FROM_UNIXTIME(create_time, '%m-%d') as day,count(*) as count FROM `sa_user` WHERE (  `create_time` BETWEEN 1658073600 AND 1660751999 ) AND `sa_user`.`delete_time` IS NULL GROUP BY `create_time` [ RunTime:0.002979s ]
[2022-08-17T15:09:11+08:00][sql] SELECT FROM_UNIXTIME(login_time, '%m-%d') as day,count(*) as count FROM `sa_user` WHERE (  `login_time` BETWEEN 1658073600 AND 1660751999 ) AND `sa_user`.`delete_time` IS NULL GROUP BY `login_time` [ RunTime:0.000943s ]
[2022-08-17T15:09:11+08:00][sql] SELECT FROM_UNIXTIME(create_time, '%m-%d') as day,count(*) as count FROM `sa_user` WHERE (  `create_time` BETWEEN 1658073600 AND 1660751999  AND `invite_id` <> 0 ) AND `sa_user`.`delete_time` IS NULL GROUP BY `create_time` [ RunTime:0.000896s ]
[2022-08-17T15:09:11+08:00][sql] SELECT group_id,count(id) as count FROM `sa_user` WHERE `sa_user`.`delete_time` IS NULL GROUP BY `group_id` [ RunTime:0.000693s ]
[2022-08-17T15:09:11+08:00][sql] SHOW FULL COLUMNS FROM `sa_user_group` [ RunTime:0.006182s ]
[2022-08-17T15:09:11+08:00][sql] SELECT `title` FROM `sa_user_group` WHERE (  `id` = 1 ) AND `sa_user_group`.`delete_time` IS NULL LIMIT 1 [ RunTime:0.000353s ]
[2022-08-17T15:09:11+08:00][sql] SELECT COUNT(*) AS think_count FROM `sa_user` WHERE (  `gender` = 1 ) AND `sa_user`.`delete_time` IS NULL LIMIT 1 [ RunTime:0.000306s ]
[2022-08-17T15:09:11+08:00][sql] SELECT COUNT(*) AS think_count FROM `sa_user` WHERE (  `gender` = 0 ) AND `sa_user`.`delete_time` IS NULL LIMIT 1 [ RunTime:0.000305s ]
[2022-08-17T15:09:11+08:00][sql] SHOW TABLE STATUS [ RunTime:0.057163s ]
[2022-08-17T15:09:11+08:00][sql] SHOW FULL COLUMNS FROM `sa_attachment` [ RunTime:0.001193s ]
[2022-08-17T15:09:11+08:00][sql] SELECT COUNT(*) AS think_count FROM `sa_attachment` LIMIT 1 [ RunTime:0.000347s ]
[2022-08-17T15:09:11+08:00][sql] SELECT SUM(`filesize`) AS think_sum FROM `sa_attachment` LIMIT 1 [ RunTime:0.000305s ]
[2022-08-17T15:09:11+08:00][sql] SHOW FULL COLUMNS FROM `sa_system_log` [ RunTime:0.000845s ]
[2022-08-17T15:09:11+08:00][sql] SELECT COUNT(`id`) AS think_count FROM `sa_system_log` LIMIT 1 [ RunTime:0.000504s ]
[2022-08-17T15:09:11+08:00][sql] SELECT COUNT(`id`) AS think_count FROM `sa_system_log` WHERE  `line` > 0 LIMIT 1 [ RunTime:0.000492s ]
[2022-08-17T15:09:11+08:00][sql] SHOW FULL COLUMNS FROM `sa_user_validate` [ RunTime:0.001465s ]
[2022-08-17T15:09:11+08:00][sql] SELECT COUNT(`id`) AS think_count FROM `sa_user_validate` WHERE (  `email` IS NOT NULL ) AND `sa_user_validate`.`delete_time` IS NULL LIMIT 1 [ RunTime:0.000421s ]
[2022-08-17T15:09:11+08:00][sql] SELECT COUNT(`id`) AS think_count FROM `sa_user_validate` WHERE (  `mobile` IS NOT NULL ) AND `sa_user_validate`.`delete_time` IS NULL LIMIT 1 [ RunTime:0.000308s ]
[2022-08-17T15:09:11+08:00][sql] SELECT COUNT(`id`) AS think_count FROM `sa_user` WHERE `sa_user`.`delete_time` IS NULL LIMIT 1 [ RunTime:0.000295s ]
[2022-08-17T15:09:11+08:00][sql] SHOW FULL COLUMNS FROM `sa_user_third` [ RunTime:0.000894s ]
[2022-08-17T15:09:11+08:00][sql] SELECT COUNT(`id`) AS think_count FROM `sa_user_third` LIMIT 1 [ RunTime:0.000482s ]
[2022-08-17T15:09:11+08:00][sql] SELECT * FROM `sa_config` [ RunTime:0.000885s ]
[2022-08-17T15:09:48+08:00][sql] CONNECT:[ UseTime:0.001511s ] mysql:host=127.0.0.1;port=3306;dbname=swiftadmin;charset=utf8mb4
[2022-08-17T15:09:48+08:00][sql] SHOW FULL COLUMNS FROM `sa_admin` [ RunTime:0.004690s ]
[2022-08-17T15:09:48+08:00][sql] SELECT `group_id` FROM `sa_admin` WHERE  `id` = 1 LIMIT 1 [ RunTime:0.000386s ]
[2022-08-17T15:09:48+08:00][sql] SHOW FULL COLUMNS FROM `sa_config` [ RunTime:0.004675s ]
[2022-08-17T15:09:48+08:00][sql] SELECT * FROM `sa_config` [ RunTime:0.000622s ]
[2022-08-17T15:09:48+08:00][sql] SHOW FULL COLUMNS FROM `sa_user` [ RunTime:0.005037s ]
[2022-08-17T15:09:48+08:00][sql] SHOW FULL COLUMNS FROM `sa_user_group` [ RunTime:0.004859s ]
[2022-08-17T15:09:48+08:00][sql] SELECT * FROM `sa_user_group` WHERE `sa_user_group`.`delete_time` IS NULL [ RunTime:0.000380s ]
[2022-08-17T15:09:48+08:00][sql] SELECT * FROM `sa_config` [ RunTime:0.000636s ]
[2022-08-17T15:09:49+08:00][sql] CONNECT:[ UseTime:0.001848s ] mysql:host=127.0.0.1;port=3306;dbname=swiftadmin;charset=utf8mb4
[2022-08-17T15:09:49+08:00][sql] SHOW FULL COLUMNS FROM `sa_admin` [ RunTime:0.005343s ]
[2022-08-17T15:09:49+08:00][sql] SELECT `group_id` FROM `sa_admin` WHERE  `id` = 1 LIMIT 1 [ RunTime:0.000647s ]
[2022-08-17T15:09:49+08:00][sql] SHOW FULL COLUMNS FROM `sa_config` [ RunTime:0.004902s ]
[2022-08-17T15:09:49+08:00][sql] SELECT * FROM `sa_config` [ RunTime:0.000536s ]
[2022-08-17T15:09:49+08:00][sql] SHOW FULL COLUMNS FROM `sa_user` [ RunTime:0.005237s ]
[2022-08-17T15:09:49+08:00][sql] SHOW FULL COLUMNS FROM `sa_user_group` [ RunTime:0.004818s ]
[2022-08-17T15:09:49+08:00][sql] SELECT * FROM `sa_user_group` WHERE `sa_user_group`.`delete_time` IS NULL [ RunTime:0.000423s ]
[2022-08-17T15:09:49+08:00][sql] SELECT COUNT(*) AS think_count FROM `sa_user` WHERE (  `status` = 1 ) AND `sa_user`.`delete_time` IS NULL LIMIT 1 [ RunTime:0.000349s ]
[2022-08-17T15:09:49+08:00][sql] SELECT * FROM `sa_user` WHERE (  `status` = 1 ) AND `sa_user`.`delete_time` IS NULL ORDER BY `id` ASC LIMIT 0,18 [ RunTime:0.000395s ]
[2022-08-17T15:09:49+08:00][sql] SELECT * FROM `sa_config` [ RunTime:0.000738s ]
[2022-08-17T15:09:49+08:00][sql] SELECT * FROM `sa_config` [ RunTime:0.000662s ]
[2022-08-17T15:14:33+08:00][sql] CONNECT:[ UseTime:0.013765s ] mysql:host=127.0.0.1;port=3306;dbname=swiftadmin;charset=utf8mb4
[2022-08-17T15:14:33+08:00][sql] SHOW FULL COLUMNS FROM `sa_config` [ RunTime:0.001066s ]
[2022-08-17T15:14:33+08:00][sql] SELECT * FROM `sa_config` [ RunTime:0.000520s ]
[2022-08-17T15:14:33+08:00][sql] SELECT * FROM `sa_config` [ RunTime:0.000676s ]
[2022-08-17T15:14:34+08:00][sql] CONNECT:[ UseTime:0.023082s ] mysql:host=127.0.0.1;port=3306;dbname=swiftadmin;charset=utf8mb4
[2022-08-17T15:14:34+08:00][sql] SHOW FULL COLUMNS FROM `sa_admin` [ RunTime:0.001118s ]
[2022-08-17T15:14:34+08:00][sql] SELECT `group_id` FROM `sa_admin` WHERE  `id` = 1 LIMIT 1 [ RunTime:0.000359s ]
[2022-08-17T15:14:34+08:00][sql] SHOW FULL COLUMNS FROM `sa_config` [ RunTime:0.000850s ]
[2022-08-17T15:14:34+08:00][sql] SELECT * FROM `sa_config` [ RunTime:0.000465s ]
[2022-08-17T15:14:34+08:00][sql] SHOW FULL COLUMNS FROM `sa_jobs` [ RunTime:0.001002s ]
[2022-08-17T15:14:34+08:00][sql] SELECT * FROM `sa_jobs` WHERE `sa_jobs`.`delete_time` IS NULL [ RunTime:0.000334s ]
[2022-08-17T15:14:34+08:00][sql] SHOW FULL COLUMNS FROM `sa_admin_group` [ RunTime:0.000875s ]
[2022-08-17T15:14:34+08:00][sql] SELECT * FROM `sa_admin_group` [ RunTime:0.000347s ]
[2022-08-17T15:14:34+08:00][sql] SHOW FULL COLUMNS FROM `sa_department` [ RunTime:0.001368s ]
[2022-08-17T15:14:34+08:00][sql] SELECT * FROM `sa_department` WHERE `sa_department`.`delete_time` IS NULL [ RunTime:0.000477s ]
[2022-08-17T15:14:34+08:00][sql] SHOW FULL COLUMNS FROM `sa_admin_access` [ RunTime:0.001268s ]
[2022-08-17T15:14:34+08:00][sql] SELECT * FROM `sa_admin_access` WHERE  `admin_id` = 1 LIMIT 1 [ RunTime:0.000401s ]
[2022-08-17T15:14:34+08:00][sql] SELECT * FROM `sa_admin_group` WHERE  `id` = 1 [ RunTime:0.000386s ]
[2022-08-17T15:14:34+08:00][sql] SELECT `group_id` FROM `sa_admin` WHERE  `id` = 1 LIMIT 1 [ RunTime:0.000335s ]
[2022-08-17T15:14:34+08:00][sql] SHOW FULL COLUMNS FROM `sa_admin_rules` [ RunTime:0.001008s ]
[2022-08-17T15:14:34+08:00][sql] SELECT * FROM `sa_admin_rules` WHERE (  `status` = 1 ) AND `sa_admin_rules`.`delete_time` IS NULL ORDER BY `sort` ASC [ RunTime:0.000732s ]
[2022-08-17T15:14:34+08:00][sql] SELECT `group_id` FROM `sa_admin` WHERE  `id` = 1 LIMIT 1 [ RunTime:0.000691s ]
[2022-08-17T15:14:34+08:00][sql] CONNECT:[ UseTime:0.001459s ] mysql:host=127.0.0.1;port=3306;dbname=swiftadmin;charset=utf8mb4
[2022-08-17T15:14:34+08:00][sql] SHOW FULL COLUMNS FROM `sa_admin` [ RunTime:0.000987s ]
[2022-08-17T15:14:34+08:00][sql] SELECT `group_id` FROM `sa_admin` WHERE  `id` = 1 LIMIT 1 [ RunTime:0.000646s ]
[2022-08-17T15:14:34+08:00][sql] SHOW FULL COLUMNS FROM `sa_config` [ RunTime:0.000955s ]
[2022-08-17T15:14:34+08:00][sql] SELECT * FROM `sa_config` [ RunTime:0.000463s ]
[2022-08-17T15:14:34+08:00][sql] SHOW FULL COLUMNS FROM `sa_user` [ RunTime:0.001261s ]
[2022-08-17T15:14:34+08:00][sql] SELECT FROM_UNIXTIME(create_time, '%m-%d') as day,count(*) as count FROM `sa_user` WHERE (  `create_time` BETWEEN 1658073600 AND 1660751999 ) AND `sa_user`.`delete_time` IS NULL GROUP BY `create_time` [ RunTime:0.000618s ]
[2022-08-17T15:14:34+08:00][sql] SELECT FROM_UNIXTIME(login_time, '%m-%d') as day,count(*) as count FROM `sa_user` WHERE (  `login_time` BETWEEN 1658073600 AND 1660751999 ) AND `sa_user`.`delete_time` IS NULL GROUP BY `login_time` [ RunTime:0.000494s ]
[2022-08-17T15:14:34+08:00][sql] SELECT FROM_UNIXTIME(create_time, '%m-%d') as day,count(*) as count FROM `sa_user` WHERE (  `create_time` BETWEEN 1658073600 AND 1660751999  AND `invite_id` <> 0 ) AND `sa_user`.`delete_time` IS NULL GROUP BY `create_time` [ RunTime:0.000375s ]
[2022-08-17T15:14:34+08:00][sql] SELECT group_id,count(id) as count FROM `sa_user` WHERE `sa_user`.`delete_time` IS NULL GROUP BY `group_id` [ RunTime:0.000312s ]
[2022-08-17T15:14:34+08:00][sql] SHOW FULL COLUMNS FROM `sa_user_group` [ RunTime:0.000850s ]
[2022-08-17T15:14:34+08:00][sql] SELECT `title` FROM `sa_user_group` WHERE (  `id` = 1 ) AND `sa_user_group`.`delete_time` IS NULL LIMIT 1 [ RunTime:0.000317s ]
[2022-08-17T15:14:34+08:00][sql] SELECT COUNT(*) AS think_count FROM `sa_user` WHERE (  `gender` = 1 ) AND `sa_user`.`delete_time` IS NULL LIMIT 1 [ RunTime:0.000330s ]
[2022-08-17T15:14:34+08:00][sql] SELECT COUNT(*) AS think_count FROM `sa_user` WHERE (  `gender` = 0 ) AND `sa_user`.`delete_time` IS NULL LIMIT 1 [ RunTime:0.000295s ]
[2022-08-17T15:14:34+08:00][sql] SHOW TABLE STATUS [ RunTime:0.000982s ]
[2022-08-17T15:14:34+08:00][sql] SHOW FULL COLUMNS FROM `sa_attachment` [ RunTime:0.000835s ]
[2022-08-17T15:14:34+08:00][sql] SELECT COUNT(*) AS think_count FROM `sa_attachment` LIMIT 1 [ RunTime:0.000288s ]
[2022-08-17T15:14:34+08:00][sql] SELECT SUM(`filesize`) AS think_sum FROM `sa_attachment` LIMIT 1 [ RunTime:0.000269s ]
[2022-08-17T15:14:34+08:00][sql] SHOW FULL COLUMNS FROM `sa_system_log` [ RunTime:0.000765s ]
[2022-08-17T15:14:34+08:00][sql] SELECT COUNT(`id`) AS think_count FROM `sa_system_log` LIMIT 1 [ RunTime:0.000275s ]
[2022-08-17T15:14:34+08:00][sql] SELECT COUNT(`id`) AS think_count FROM `sa_system_log` WHERE  `line` > 0 LIMIT 1 [ RunTime:0.000304s ]
[2022-08-17T15:14:34+08:00][sql] SHOW FULL COLUMNS FROM `sa_user_validate` [ RunTime:0.001221s ]
[2022-08-17T15:14:34+08:00][sql] SELECT COUNT(`id`) AS think_count FROM `sa_user_validate` WHERE (  `email` IS NOT NULL ) AND `sa_user_validate`.`delete_time` IS NULL LIMIT 1 [ RunTime:0.000322s ]
[2022-08-17T15:14:34+08:00][sql] SELECT COUNT(`id`) AS think_count FROM `sa_user_validate` WHERE (  `mobile` IS NOT NULL ) AND `sa_user_validate`.`delete_time` IS NULL LIMIT 1 [ RunTime:0.000280s ]
[2022-08-17T15:14:34+08:00][sql] SELECT COUNT(`id`) AS think_count FROM `sa_user` WHERE `sa_user`.`delete_time` IS NULL LIMIT 1 [ RunTime:0.000280s ]
[2022-08-17T15:14:34+08:00][sql] SHOW FULL COLUMNS FROM `sa_user_third` [ RunTime:0.000806s ]
[2022-08-17T15:14:34+08:00][sql] SELECT COUNT(`id`) AS think_count FROM `sa_user_third` LIMIT 1 [ RunTime:0.000276s ]
[2022-08-17T15:14:34+08:00][sql] SELECT * FROM `sa_config` [ RunTime:0.000628s ]
[2022-08-17T15:20:51+08:00][sql] CONNECT:[ UseTime:0.001511s ] mysql:host=127.0.0.1;port=3306;dbname=swiftadmin;charset=utf8mb4
[2022-08-17T15:20:51+08:00][sql] SHOW FULL COLUMNS FROM `sa_config` [ RunTime:0.000926s ]
[2022-08-17T15:20:51+08:00][sql] SELECT * FROM `sa_config` [ RunTime:0.000480s ]
[2022-08-17T15:20:51+08:00][sql] SELECT * FROM `sa_config` [ RunTime:0.000671s ]
[2022-08-17T15:20:51+08:00][sql] CONNECT:[ UseTime:0.001428s ] mysql:host=127.0.0.1;port=3306;dbname=swiftadmin;charset=utf8mb4
[2022-08-17T15:20:51+08:00][sql] SHOW FULL COLUMNS FROM `sa_admin` [ RunTime:0.004682s ]
[2022-08-17T15:20:51+08:00][sql] SELECT `group_id` FROM `sa_admin` WHERE  `id` = 1 LIMIT 1 [ RunTime:0.000371s ]
[2022-08-17T15:20:51+08:00][sql] SHOW FULL COLUMNS FROM `sa_config` [ RunTime:0.001100s ]
[2022-08-17T15:20:51+08:00][sql] SELECT * FROM `sa_config` [ RunTime:0.000510s ]
[2022-08-17T15:20:51+08:00][sql] SHOW FULL COLUMNS FROM `sa_jobs` [ RunTime:0.004841s ]
[2022-08-17T15:20:51+08:00][sql] SELECT * FROM `sa_jobs` WHERE `sa_jobs`.`delete_time` IS NULL [ RunTime:0.000408s ]
[2022-08-17T15:20:51+08:00][sql] SHOW FULL COLUMNS FROM `sa_admin_group` [ RunTime:0.004746s ]
[2022-08-17T15:20:51+08:00][sql] SELECT * FROM `sa_admin_group` [ RunTime:0.000474s ]
[2022-08-17T15:20:51+08:00][sql] SHOW FULL COLUMNS FROM `sa_department` [ RunTime:0.005001s ]
[2022-08-17T15:20:51+08:00][sql] SELECT * FROM `sa_department` WHERE `sa_department`.`delete_time` IS NULL [ RunTime:0.000425s ]
[2022-08-17T15:20:51+08:00][sql] SHOW FULL COLUMNS FROM `sa_admin_access` [ RunTime:0.005033s ]
[2022-08-17T15:20:51+08:00][sql] SELECT * FROM `sa_admin_access` WHERE  `admin_id` = 1 LIMIT 1 [ RunTime:0.000385s ]
[2022-08-17T15:20:51+08:00][sql] SELECT * FROM `sa_admin_group` WHERE  `id` = 1 [ RunTime:0.000327s ]
[2022-08-17T15:20:51+08:00][sql] SELECT `group_id` FROM `sa_admin` WHERE  `id` = 1 LIMIT 1 [ RunTime:0.000289s ]
[2022-08-17T15:20:51+08:00][sql] SHOW FULL COLUMNS FROM `sa_admin_rules` [ RunTime:0.004871s ]
[2022-08-17T15:20:51+08:00][sql] SELECT * FROM `sa_admin_rules` WHERE (  `status` = 1 ) AND `sa_admin_rules`.`delete_time` IS NULL ORDER BY `sort` ASC [ RunTime:0.000693s ]
[2022-08-17T15:20:51+08:00][sql] SELECT `group_id` FROM `sa_admin` WHERE  `id` = 1 LIMIT 1 [ RunTime:0.000581s ]
[2022-08-17T15:20:52+08:00][sql] CONNECT:[ UseTime:0.001498s ] mysql:host=127.0.0.1;port=3306;dbname=swiftadmin;charset=utf8mb4
[2022-08-17T15:20:52+08:00][sql] SHOW FULL COLUMNS FROM `sa_admin` [ RunTime:0.004707s ]
[2022-08-17T15:20:52+08:00][sql] SELECT `group_id` FROM `sa_admin` WHERE  `id` = 1 LIMIT 1 [ RunTime:0.000375s ]
[2022-08-17T15:20:52+08:00][sql] SHOW FULL COLUMNS FROM `sa_config` [ RunTime:0.001359s ]
[2022-08-17T15:20:52+08:00][sql] SELECT * FROM `sa_config` [ RunTime:0.000518s ]
[2022-08-17T15:20:52+08:00][sql] SHOW FULL COLUMNS FROM `sa_user` [ RunTime:0.004790s ]
[2022-08-17T15:20:52+08:00][sql] SELECT FROM_UNIXTIME(create_time, '%m-%d') as day,count(*) as count FROM `sa_user` WHERE (  `create_time` BETWEEN 1658073600 AND 1660751999 ) AND `sa_user`.`delete_time` IS NULL GROUP BY `create_time` [ RunTime:0.000441s ]
[2022-08-17T15:20:52+08:00][sql] SELECT FROM_UNIXTIME(login_time, '%m-%d') as day,count(*) as count FROM `sa_user` WHERE (  `login_time` BETWEEN 1658073600 AND 1660751999 ) AND `sa_user`.`delete_time` IS NULL GROUP BY `login_time` [ RunTime:0.000329s ]
[2022-08-17T15:20:52+08:00][sql] SELECT FROM_UNIXTIME(create_time, '%m-%d') as day,count(*) as count FROM `sa_user` WHERE (  `create_time` BETWEEN 1658073600 AND 1660751999  AND `invite_id` <> 0 ) AND `sa_user`.`delete_time` IS NULL GROUP BY `create_time` [ RunTime:0.000357s ]
[2022-08-17T15:20:52+08:00][sql] SELECT group_id,count(id) as count FROM `sa_user` WHERE `sa_user`.`delete_time` IS NULL GROUP BY `group_id` [ RunTime:0.000303s ]
[2022-08-17T15:20:52+08:00][sql] SHOW FULL COLUMNS FROM `sa_user_group` [ RunTime:0.004581s ]
[2022-08-17T15:20:52+08:00][sql] SELECT `title` FROM `sa_user_group` WHERE (  `id` = 1 ) AND `sa_user_group`.`delete_time` IS NULL LIMIT 1 [ RunTime:0.000483s ]
[2022-08-17T15:20:52+08:00][sql] SELECT COUNT(*) AS think_count FROM `sa_user` WHERE (  `gender` = 1 ) AND `sa_user`.`delete_time` IS NULL LIMIT 1 [ RunTime:0.000673s ]
[2022-08-17T15:20:52+08:00][sql] SELECT COUNT(*) AS think_count FROM `sa_user` WHERE (  `gender` = 0 ) AND `sa_user`.`delete_time` IS NULL LIMIT 1 [ RunTime:0.000437s ]
[2022-08-17T15:20:52+08:00][sql] SHOW TABLE STATUS [ RunTime:0.044023s ]
[2022-08-17T15:20:52+08:00][sql] SHOW FULL COLUMNS FROM `sa_attachment` [ RunTime:0.001277s ]
[2022-08-17T15:20:52+08:00][sql] SELECT COUNT(*) AS think_count FROM `sa_attachment` LIMIT 1 [ RunTime:0.000318s ]
[2022-08-17T15:20:52+08:00][sql] SELECT SUM(`filesize`) AS think_sum FROM `sa_attachment` LIMIT 1 [ RunTime:0.000268s ]
[2022-08-17T15:20:52+08:00][sql] SHOW FULL COLUMNS FROM `sa_system_log` [ RunTime:0.000870s ]
[2022-08-17T15:20:52+08:00][sql] SELECT COUNT(`id`) AS think_count FROM `sa_system_log` LIMIT 1 [ RunTime:0.000281s ]
[2022-08-17T15:20:52+08:00][sql] SELECT COUNT(`id`) AS think_count FROM `sa_system_log` WHERE  `line` > 0 LIMIT 1 [ RunTime:0.000308s ]
[2022-08-17T15:20:52+08:00][sql] SHOW FULL COLUMNS FROM `sa_user_validate` [ RunTime:0.000787s ]
[2022-08-17T15:20:52+08:00][sql] SELECT COUNT(`id`) AS think_count FROM `sa_user_validate` WHERE (  `email` IS NOT NULL ) AND `sa_user_validate`.`delete_time` IS NULL LIMIT 1 [ RunTime:0.000488s ]
[2022-08-17T15:20:52+08:00][sql] SELECT COUNT(`id`) AS think_count FROM `sa_user_validate` WHERE (  `mobile` IS NOT NULL ) AND `sa_user_validate`.`delete_time` IS NULL LIMIT 1 [ RunTime:0.000478s ]
[2022-08-17T15:20:52+08:00][sql] SELECT COUNT(`id`) AS think_count FROM `sa_user` WHERE `sa_user`.`delete_time` IS NULL LIMIT 1 [ RunTime:0.000358s ]
[2022-08-17T15:20:52+08:00][sql] SHOW FULL COLUMNS FROM `sa_user_third` [ RunTime:0.000866s ]
[2022-08-17T15:20:52+08:00][sql] SELECT COUNT(`id`) AS think_count FROM `sa_user_third` LIMIT 1 [ RunTime:0.000288s ]
[2022-08-17T15:20:52+08:00][sql] SELECT * FROM `sa_config` [ RunTime:0.000627s ]
[2022-08-17T15:33:31+08:00][sql] CONNECT:[ UseTime:0.001495s ] mysql:host=127.0.0.1;port=3306;dbname=swiftadmin;charset=utf8mb4
[2022-08-17T15:33:31+08:00][sql] SHOW FULL COLUMNS FROM `sa_config` [ RunTime:0.000937s ]
[2022-08-17T15:33:31+08:00][sql] SELECT * FROM `sa_config` [ RunTime:0.000485s ]
[2022-08-17T15:33:31+08:00][sql] SELECT * FROM `sa_config` [ RunTime:0.000667s ]
[2022-08-17T15:33:32+08:00][sql] CONNECT:[ UseTime:0.001576s ] mysql:host=127.0.0.1;port=3306;dbname=swiftadmin;charset=utf8mb4
[2022-08-17T15:33:32+08:00][sql] SHOW FULL COLUMNS FROM `sa_admin` [ RunTime:0.000992s ]
[2022-08-17T15:33:32+08:00][sql] SELECT `group_id` FROM `sa_admin` WHERE  `id` = 1 LIMIT 1 [ RunTime:0.000402s ]
[2022-08-17T15:33:32+08:00][sql] SHOW FULL COLUMNS FROM `sa_config` [ RunTime:0.000975s ]
[2022-08-17T15:33:32+08:00][sql] SELECT * FROM `sa_config` [ RunTime:0.000465s ]
[2022-08-17T15:33:32+08:00][sql] SHOW FULL COLUMNS FROM `sa_jobs` [ RunTime:0.004651s ]
[2022-08-17T15:33:32+08:00][sql] SELECT * FROM `sa_jobs` WHERE `sa_jobs`.`delete_time` IS NULL [ RunTime:0.000483s ]
[2022-08-17T15:33:32+08:00][sql] SHOW FULL COLUMNS FROM `sa_admin_group` [ RunTime:0.004572s ]
[2022-08-17T15:33:32+08:00][sql] SELECT * FROM `sa_admin_group` [ RunTime:0.000493s ]
[2022-08-17T15:33:32+08:00][sql] SHOW FULL COLUMNS FROM `sa_department` [ RunTime:0.004498s ]
[2022-08-17T15:33:32+08:00][sql] SELECT * FROM `sa_department` WHERE `sa_department`.`delete_time` IS NULL [ RunTime:0.000373s ]
[2022-08-17T15:33:32+08:00][sql] SHOW FULL COLUMNS FROM `sa_admin_access` [ RunTime:0.005175s ]
[2022-08-17T15:33:32+08:00][sql] SELECT * FROM `sa_admin_access` WHERE  `admin_id` = 1 LIMIT 1 [ RunTime:0.000470s ]
[2022-08-17T15:33:32+08:00][sql] SELECT * FROM `sa_admin_group` WHERE  `id` = 1 [ RunTime:0.000395s ]
[2022-08-17T15:33:32+08:00][sql] SELECT `group_id` FROM `sa_admin` WHERE  `id` = 1 LIMIT 1 [ RunTime:0.000316s ]
[2022-08-17T15:33:32+08:00][sql] SHOW FULL COLUMNS FROM `sa_admin_rules` [ RunTime:0.004483s ]
[2022-08-17T15:33:32+08:00][sql] SELECT * FROM `sa_admin_rules` WHERE (  `status` = 1 ) AND `sa_admin_rules`.`delete_time` IS NULL ORDER BY `sort` ASC [ RunTime:0.000688s ]
[2022-08-17T15:33:32+08:00][sql] SELECT `group_id` FROM `sa_admin` WHERE  `id` = 1 LIMIT 1 [ RunTime:0.000514s ]
[2022-08-17T15:33:32+08:00][sql] CONNECT:[ UseTime:0.021404s ] mysql:host=127.0.0.1;port=3306;dbname=swiftadmin;charset=utf8mb4
[2022-08-17T15:33:32+08:00][sql] SHOW FULL COLUMNS FROM `sa_admin` [ RunTime:0.004732s ]
[2022-08-17T15:33:32+08:00][sql] SELECT `group_id` FROM `sa_admin` WHERE  `id` = 1 LIMIT 1 [ RunTime:0.000374s ]
[2022-08-17T15:33:32+08:00][sql] SHOW FULL COLUMNS FROM `sa_config` [ RunTime:0.004234s ]
[2022-08-17T15:33:32+08:00][sql] SELECT * FROM `sa_config` [ RunTime:0.000475s ]
[2022-08-17T15:33:32+08:00][sql] SHOW FULL COLUMNS FROM `sa_user` [ RunTime:0.004644s ]
[2022-08-17T15:33:32+08:00][sql] SELECT FROM_UNIXTIME(create_time, '%m-%d') as day,count(*) as count FROM `sa_user` WHERE (  `create_time` BETWEEN 1658073600 AND 1660751999 ) AND `sa_user`.`delete_time` IS NULL GROUP BY `create_time` [ RunTime:0.000468s ]
[2022-08-17T15:33:32+08:00][sql] SELECT FROM_UNIXTIME(login_time, '%m-%d') as day,count(*) as count FROM `sa_user` WHERE (  `login_time` BETWEEN 1658073600 AND 1660751999 ) AND `sa_user`.`delete_time` IS NULL GROUP BY `login_time` [ RunTime:0.000404s ]
[2022-08-17T15:33:32+08:00][sql] SELECT FROM_UNIXTIME(create_time, '%m-%d') as day,count(*) as count FROM `sa_user` WHERE (  `create_time` BETWEEN 1658073600 AND 1660751999  AND `invite_id` <> 0 ) AND `sa_user`.`delete_time` IS NULL GROUP BY `create_time` [ RunTime:0.000707s ]
[2022-08-17T15:33:32+08:00][sql] SELECT group_id,count(id) as count FROM `sa_user` WHERE `sa_user`.`delete_time` IS NULL GROUP BY `group_id` [ RunTime:0.000330s ]
[2022-08-17T15:33:32+08:00][sql] SHOW FULL COLUMNS FROM `sa_user_group` [ RunTime:0.004281s ]
[2022-08-17T15:33:32+08:00][sql] SELECT `title` FROM `sa_user_group` WHERE (  `id` = 1 ) AND `sa_user_group`.`delete_time` IS NULL LIMIT 1 [ RunTime:0.000430s ]
[2022-08-17T15:33:32+08:00][sql] SELECT COUNT(*) AS think_count FROM `sa_user` WHERE (  `gender` = 1 ) AND `sa_user`.`delete_time` IS NULL LIMIT 1 [ RunTime:0.000330s ]
[2022-08-17T15:33:32+08:00][sql] SELECT COUNT(*) AS think_count FROM `sa_user` WHERE (  `gender` = 0 ) AND `sa_user`.`delete_time` IS NULL LIMIT 1 [ RunTime:0.000282s ]
[2022-08-17T15:33:32+08:00][sql] SHOW TABLE STATUS [ RunTime:0.045137s ]
[2022-08-17T15:33:32+08:00][sql] SHOW FULL COLUMNS FROM `sa_attachment` [ RunTime:0.000927s ]
[2022-08-17T15:33:32+08:00][sql] SELECT COUNT(*) AS think_count FROM `sa_attachment` LIMIT 1 [ RunTime:0.000295s ]
[2022-08-17T15:33:32+08:00][sql] SELECT SUM(`filesize`) AS think_sum FROM `sa_attachment` LIMIT 1 [ RunTime:0.000275s ]
[2022-08-17T15:33:32+08:00][sql] SHOW FULL COLUMNS FROM `sa_system_log` [ RunTime:0.000776s ]
[2022-08-17T15:33:32+08:00][sql] SELECT COUNT(`id`) AS think_count FROM `sa_system_log` LIMIT 1 [ RunTime:0.000277s ]
[2022-08-17T15:33:32+08:00][sql] SELECT COUNT(`id`) AS think_count FROM `sa_system_log` WHERE  `line` > 0 LIMIT 1 [ RunTime:0.000315s ]
[2022-08-17T15:33:32+08:00][sql] SHOW FULL COLUMNS FROM `sa_user_validate` [ RunTime:0.000825s ]
[2022-08-17T15:33:32+08:00][sql] SELECT COUNT(`id`) AS think_count FROM `sa_user_validate` WHERE (  `email` IS NOT NULL ) AND `sa_user_validate`.`delete_time` IS NULL LIMIT 1 [ RunTime:0.000308s ]
[2022-08-17T15:33:32+08:00][sql] SELECT COUNT(`id`) AS think_count FROM `sa_user_validate` WHERE (  `mobile` IS NOT NULL ) AND `sa_user_validate`.`delete_time` IS NULL LIMIT 1 [ RunTime:0.000277s ]
[2022-08-17T15:33:32+08:00][sql] SELECT COUNT(`id`) AS think_count FROM `sa_user` WHERE `sa_user`.`delete_time` IS NULL LIMIT 1 [ RunTime:0.000292s ]
[2022-08-17T15:33:32+08:00][sql] SHOW FULL COLUMNS FROM `sa_user_third` [ RunTime:0.001202s ]
[2022-08-17T15:33:32+08:00][sql] SELECT COUNT(`id`) AS think_count FROM `sa_user_third` LIMIT 1 [ RunTime:0.000314s ]
[2022-08-17T15:33:32+08:00][sql] SELECT * FROM `sa_config` [ RunTime:0.000633s ]
[2022-08-17T15:55:02+08:00][sql] CONNECT:[ UseTime:0.002049s ] mysql:host=127.0.0.1;port=3306;dbname=swiftadmin;charset=utf8mb4
[2022-08-17T15:55:02+08:00][sql] SHOW FULL COLUMNS FROM `sa_admin` [ RunTime:0.001107s ]
[2022-08-17T15:55:02+08:00][sql] SELECT `group_id` FROM `sa_admin` WHERE  `id` = 1 LIMIT 1 [ RunTime:0.000378s ]
[2022-08-17T15:55:02+08:00][sql] SHOW FULL COLUMNS FROM `sa_config` [ RunTime:0.004419s ]
[2022-08-17T15:55:02+08:00][sql] SELECT * FROM `sa_config` [ RunTime:0.000529s ]
[2022-08-17T15:55:02+08:00][sql] SELECT * FROM `sa_config` [ RunTime:0.000640s ]
[2022-08-17T15:55:02+08:00][sql] SELECT * FROM `sa_config` [ RunTime:0.000932s ]
[2022-08-17T15:56:47+08:00][sql] CONNECT:[ UseTime:0.001437s ] mysql:host=127.0.0.1;port=3306;dbname=swiftadmin;charset=utf8mb4
[2022-08-17T15:56:47+08:00][sql] SHOW FULL COLUMNS FROM `sa_config` [ RunTime:0.001093s ]
[2022-08-17T15:56:47+08:00][sql] SELECT * FROM `sa_config` [ RunTime:0.000576s ]
[2022-08-17T15:56:47+08:00][sql] SELECT * FROM `sa_config` [ RunTime:0.000696s ]
[2022-08-17T15:56:47+08:00][sql] CONNECT:[ UseTime:0.001945s ] mysql:host=127.0.0.1;port=3306;dbname=swiftadmin;charset=utf8mb4
[2022-08-17T15:56:47+08:00][sql] SHOW FULL COLUMNS FROM `sa_admin` [ RunTime:0.005078s ]
[2022-08-17T15:56:47+08:00][sql] SELECT `group_id` FROM `sa_admin` WHERE  `id` = 1 LIMIT 1 [ RunTime:0.000469s ]
[2022-08-17T15:56:47+08:00][sql] SHOW FULL COLUMNS FROM `sa_config` [ RunTime:0.001226s ]
[2022-08-17T15:56:47+08:00][sql] SELECT * FROM `sa_config` [ RunTime:0.000631s ]
[2022-08-17T15:56:47+08:00][sql] SHOW FULL COLUMNS FROM `sa_jobs` [ RunTime:0.005310s ]
[2022-08-17T15:56:47+08:00][sql] SELECT * FROM `sa_jobs` WHERE `sa_jobs`.`delete_time` IS NULL [ RunTime:0.000682s ]
[2022-08-17T15:56:47+08:00][sql] SHOW FULL COLUMNS FROM `sa_admin_group` [ RunTime:0.005166s ]
[2022-08-17T15:56:47+08:00][sql] SELECT * FROM `sa_admin_group` [ RunTime:0.000375s ]
[2022-08-17T15:56:47+08:00][sql] SHOW FULL COLUMNS FROM `sa_department` [ RunTime:0.004486s ]
[2022-08-17T15:56:47+08:00][sql] SELECT * FROM `sa_department` WHERE `sa_department`.`delete_time` IS NULL [ RunTime:0.000361s ]
[2022-08-17T15:56:47+08:00][sql] SHOW FULL COLUMNS FROM `sa_admin_access` [ RunTime:0.004695s ]
[2022-08-17T15:56:47+08:00][sql] SELECT * FROM `sa_admin_access` WHERE  `admin_id` = 1 LIMIT 1 [ RunTime:0.000471s ]
[2022-08-17T15:56:47+08:00][sql] SELECT * FROM `sa_admin_group` WHERE  `id` = 1 [ RunTime:0.000388s ]
[2022-08-17T15:56:47+08:00][sql] SELECT `group_id` FROM `sa_admin` WHERE  `id` = 1 LIMIT 1 [ RunTime:0.000460s ]
[2022-08-17T15:56:47+08:00][sql] SHOW FULL COLUMNS FROM `sa_admin_rules` [ RunTime:0.004973s ]
[2022-08-17T15:56:47+08:00][sql] SELECT * FROM `sa_admin_rules` WHERE (  `status` = 1 ) AND `sa_admin_rules`.`delete_time` IS NULL ORDER BY `sort` ASC [ RunTime:0.000835s ]
[2022-08-17T15:56:47+08:00][sql] SELECT `group_id` FROM `sa_admin` WHERE  `id` = 1 LIMIT 1 [ RunTime:0.000788s ]
[2022-08-17T15:56:47+08:00][sql] CONNECT:[ UseTime:0.020756s ] mysql:host=127.0.0.1;port=3306;dbname=swiftadmin;charset=utf8mb4
[2022-08-17T15:56:47+08:00][sql] SHOW FULL COLUMNS FROM `sa_admin` [ RunTime:0.001033s ]
[2022-08-17T15:56:47+08:00][sql] SELECT `group_id` FROM `sa_admin` WHERE  `id` = 1 LIMIT 1 [ RunTime:0.000369s ]
[2022-08-17T15:56:47+08:00][sql] SHOW FULL COLUMNS FROM `sa_config` [ RunTime:0.000936s ]
[2022-08-17T15:56:47+08:00][sql] SELECT * FROM `sa_config` [ RunTime:0.000473s ]
[2022-08-17T15:56:47+08:00][sql] SHOW FULL COLUMNS FROM `sa_user` [ RunTime:0.005367s ]
[2022-08-17T15:56:47+08:00][sql] SELECT FROM_UNIXTIME(create_time, '%m-%d') as day,count(*) as count FROM `sa_user` WHERE (  `create_time` BETWEEN 1658073600 AND 1660751999 ) AND `sa_user`.`delete_time` IS NULL GROUP BY `create_time` [ RunTime:0.000591s ]
[2022-08-17T15:56:47+08:00][sql] SELECT FROM_UNIXTIME(login_time, '%m-%d') as day,count(*) as count FROM `sa_user` WHERE (  `login_time` BETWEEN 1658073600 AND 1660751999 ) AND `sa_user`.`delete_time` IS NULL GROUP BY `login_time` [ RunTime:0.000394s ]
[2022-08-17T15:56:47+08:00][sql] SELECT FROM_UNIXTIME(create_time, '%m-%d') as day,count(*) as count FROM `sa_user` WHERE (  `create_time` BETWEEN 1658073600 AND 1660751999  AND `invite_id` <> 0 ) AND `sa_user`.`delete_time` IS NULL GROUP BY `create_time` [ RunTime:0.000401s ]
[2022-08-17T15:56:47+08:00][sql] SELECT group_id,count(id) as count FROM `sa_user` WHERE `sa_user`.`delete_time` IS NULL GROUP BY `group_id` [ RunTime:0.000302s ]
[2022-08-17T15:56:47+08:00][sql] SHOW FULL COLUMNS FROM `sa_user_group` [ RunTime:0.004678s ]
[2022-08-17T15:56:47+08:00][sql] SELECT `title` FROM `sa_user_group` WHERE (  `id` = 1 ) AND `sa_user_group`.`delete_time` IS NULL LIMIT 1 [ RunTime:0.000356s ]
[2022-08-17T15:56:47+08:00][sql] SELECT COUNT(*) AS think_count FROM `sa_user` WHERE (  `gender` = 1 ) AND `sa_user`.`delete_time` IS NULL LIMIT 1 [ RunTime:0.000308s ]
[2022-08-17T15:56:47+08:00][sql] SELECT COUNT(*) AS think_count FROM `sa_user` WHERE (  `gender` = 0 ) AND `sa_user`.`delete_time` IS NULL LIMIT 1 [ RunTime:0.000293s ]
[2022-08-17T15:56:47+08:00][sql] SHOW TABLE STATUS [ RunTime:0.032774s ]
[2022-08-17T15:56:47+08:00][sql] SHOW FULL COLUMNS FROM `sa_attachment` [ RunTime:0.001234s ]
[2022-08-17T15:56:47+08:00][sql] SELECT COUNT(*) AS think_count FROM `sa_attachment` LIMIT 1 [ RunTime:0.000474s ]
[2022-08-17T15:56:47+08:00][sql] SELECT SUM(`filesize`) AS think_sum FROM `sa_attachment` LIMIT 1 [ RunTime:0.000364s ]
[2022-08-17T15:56:47+08:00][sql] SHOW FULL COLUMNS FROM `sa_system_log` [ RunTime:0.000938s ]
[2022-08-17T15:56:47+08:00][sql] SELECT COUNT(`id`) AS think_count FROM `sa_system_log` LIMIT 1 [ RunTime:0.000284s ]
[2022-08-17T15:56:47+08:00][sql] SELECT COUNT(`id`) AS think_count FROM `sa_system_log` WHERE  `line` > 0 LIMIT 1 [ RunTime:0.000305s ]
[2022-08-17T15:56:47+08:00][sql] SHOW FULL COLUMNS FROM `sa_user_validate` [ RunTime:0.000788s ]
[2022-08-17T15:56:47+08:00][sql] SELECT COUNT(`id`) AS think_count FROM `sa_user_validate` WHERE (  `email` IS NOT NULL ) AND `sa_user_validate`.`delete_time` IS NULL LIMIT 1 [ RunTime:0.000308s ]
[2022-08-17T15:56:47+08:00][sql] SELECT COUNT(`id`) AS think_count FROM `sa_user_validate` WHERE (  `mobile` IS NOT NULL ) AND `sa_user_validate`.`delete_time` IS NULL LIMIT 1 [ RunTime:0.000280s ]
[2022-08-17T15:56:47+08:00][sql] SELECT COUNT(`id`) AS think_count FROM `sa_user` WHERE `sa_user`.`delete_time` IS NULL LIMIT 1 [ RunTime:0.000280s ]
[2022-08-17T15:56:47+08:00][sql] SHOW FULL COLUMNS FROM `sa_user_third` [ RunTime:0.000829s ]
[2022-08-17T15:56:47+08:00][sql] SELECT COUNT(`id`) AS think_count FROM `sa_user_third` LIMIT 1 [ RunTime:0.000279s ]
[2022-08-17T15:56:47+08:00][sql] SELECT * FROM `sa_config` [ RunTime:0.000644s ]
[2022-08-17T16:11:30+08:00][sql] CONNECT:[ UseTime:0.001577s ] mysql:host=127.0.0.1;port=3306;dbname=swiftadmin;charset=utf8mb4
[2022-08-17T16:11:30+08:00][sql] SHOW FULL COLUMNS FROM `sa_config` [ RunTime:0.000895s ]
[2022-08-17T16:11:30+08:00][sql] SELECT * FROM `sa_config` [ RunTime:0.000469s ]
[2022-08-17T16:11:30+08:00][sql] SELECT * FROM `sa_config` [ RunTime:0.000665s ]
[2022-08-17T16:11:30+08:00][sql] CONNECT:[ UseTime:0.017736s ] mysql:host=127.0.0.1;port=3306;dbname=swiftadmin;charset=utf8mb4
[2022-08-17T16:11:30+08:00][sql] SHOW FULL COLUMNS FROM `sa_admin` [ RunTime:0.004772s ]
[2022-08-17T16:11:30+08:00][sql] SELECT `group_id` FROM `sa_admin` WHERE  `id` = 1 LIMIT 1 [ RunTime:0.000454s ]
[2022-08-17T16:11:30+08:00][sql] SHOW FULL COLUMNS FROM `sa_config` [ RunTime:0.005027s ]
[2022-08-17T16:11:30+08:00][sql] SELECT * FROM `sa_config` [ RunTime:0.000679s ]
[2022-08-17T16:11:30+08:00][sql] SHOW FULL COLUMNS FROM `sa_jobs` [ RunTime:0.005095s ]
[2022-08-17T16:11:30+08:00][sql] SELECT * FROM `sa_jobs` WHERE `sa_jobs`.`delete_time` IS NULL [ RunTime:0.000393s ]
[2022-08-17T16:11:30+08:00][sql] SHOW FULL COLUMNS FROM `sa_admin_group` [ RunTime:0.004275s ]
[2022-08-17T16:11:30+08:00][sql] SELECT * FROM `sa_admin_group` [ RunTime:0.000402s ]
[2022-08-17T16:11:30+08:00][sql] SHOW FULL COLUMNS FROM `sa_department` [ RunTime:0.005028s ]
[2022-08-17T16:11:30+08:00][sql] SELECT * FROM `sa_department` WHERE `sa_department`.`delete_time` IS NULL [ RunTime:0.000490s ]
[2022-08-17T16:11:30+08:00][sql] SHOW FULL COLUMNS FROM `sa_admin_access` [ RunTime:0.004496s ]
[2022-08-17T16:11:30+08:00][sql] SELECT * FROM `sa_admin_access` WHERE  `admin_id` = 1 LIMIT 1 [ RunTime:0.000366s ]
[2022-08-17T16:11:30+08:00][sql] SELECT * FROM `sa_admin_group` WHERE  `id` = 1 [ RunTime:0.000321s ]
[2022-08-17T16:11:30+08:00][sql] SELECT `group_id` FROM `sa_admin` WHERE  `id` = 1 LIMIT 1 [ RunTime:0.000428s ]
[2022-08-17T16:11:30+08:00][sql] SHOW FULL COLUMNS FROM `sa_admin_rules` [ RunTime:0.005202s ]
[2022-08-17T16:11:30+08:00][sql] SELECT * FROM `sa_admin_rules` WHERE (  `status` = 1 ) AND `sa_admin_rules`.`delete_time` IS NULL ORDER BY `sort` ASC [ RunTime:0.000793s ]
[2022-08-17T16:11:30+08:00][sql] SELECT `group_id` FROM `sa_admin` WHERE  `id` = 1 LIMIT 1 [ RunTime:0.000525s ]
[2022-08-17T16:11:30+08:00][sql] CONNECT:[ UseTime:0.015987s ] mysql:host=127.0.0.1;port=3306;dbname=swiftadmin;charset=utf8mb4
[2022-08-17T16:11:30+08:00][sql] SHOW FULL COLUMNS FROM `sa_admin` [ RunTime:0.007476s ]
[2022-08-17T16:11:30+08:00][sql] SELECT `group_id` FROM `sa_admin` WHERE  `id` = 1 LIMIT 1 [ RunTime:0.000500s ]
[2022-08-17T16:11:30+08:00][sql] SHOW FULL COLUMNS FROM `sa_config` [ RunTime:0.005006s ]
[2022-08-17T16:11:30+08:00][sql] SELECT * FROM `sa_config` [ RunTime:0.000536s ]
[2022-08-17T16:11:30+08:00][sql] SHOW FULL COLUMNS FROM `sa_user` [ RunTime:0.006748s ]
[2022-08-17T16:11:30+08:00][sql] SELECT FROM_UNIXTIME(create_time, '%m-%d') as day,count(*) as count FROM `sa_user` WHERE (  `create_time` BETWEEN 1658073600 AND 1660751999 ) AND `sa_user`.`delete_time` IS NULL GROUP BY `create_time` [ RunTime:0.000691s ]
[2022-08-17T16:11:30+08:00][sql] SELECT FROM_UNIXTIME(login_time, '%m-%d') as day,count(*) as count FROM `sa_user` WHERE (  `login_time` BETWEEN 1658073600 AND 1660751999 ) AND `sa_user`.`delete_time` IS NULL GROUP BY `login_time` [ RunTime:0.000583s ]
[2022-08-17T16:11:30+08:00][sql] SELECT FROM_UNIXTIME(create_time, '%m-%d') as day,count(*) as count FROM `sa_user` WHERE (  `create_time` BETWEEN 1658073600 AND 1660751999  AND `invite_id` <> 0 ) AND `sa_user`.`delete_time` IS NULL GROUP BY `create_time` [ RunTime:0.000740s ]
[2022-08-17T16:11:30+08:00][sql] SELECT group_id,count(id) as count FROM `sa_user` WHERE `sa_user`.`delete_time` IS NULL GROUP BY `group_id` [ RunTime:0.000564s ]
[2022-08-17T16:11:30+08:00][sql] SHOW FULL COLUMNS FROM `sa_user_group` [ RunTime:0.005091s ]
[2022-08-17T16:11:30+08:00][sql] SELECT `title` FROM `sa_user_group` WHERE (  `id` = 1 ) AND `sa_user_group`.`delete_time` IS NULL LIMIT 1 [ RunTime:0.000557s ]
[2022-08-17T16:11:30+08:00][sql] SELECT COUNT(*) AS think_count FROM `sa_user` WHERE (  `gender` = 1 ) AND `sa_user`.`delete_time` IS NULL LIMIT 1 [ RunTime:0.000559s ]
[2022-08-17T16:11:30+08:00][sql] SELECT COUNT(*) AS think_count FROM `sa_user` WHERE (  `gender` = 0 ) AND `sa_user`.`delete_time` IS NULL LIMIT 1 [ RunTime:0.000357s ]
[2022-08-17T16:11:30+08:00][sql] SHOW TABLE STATUS [ RunTime:0.044276s ]
[2022-08-17T16:11:30+08:00][sql] SHOW FULL COLUMNS FROM `sa_attachment` [ RunTime:0.001148s ]
[2022-08-17T16:11:30+08:00][sql] SELECT COUNT(*) AS think_count FROM `sa_attachment` LIMIT 1 [ RunTime:0.000342s ]
[2022-08-17T16:11:30+08:00][sql] SELECT SUM(`filesize`) AS think_sum FROM `sa_attachment` LIMIT 1 [ RunTime:0.000315s ]
[2022-08-17T16:11:30+08:00][sql] SHOW FULL COLUMNS FROM `sa_system_log` [ RunTime:0.001313s ]
[2022-08-17T16:11:30+08:00][sql] SELECT COUNT(`id`) AS think_count FROM `sa_system_log` LIMIT 1 [ RunTime:0.000421s ]
[2022-08-17T16:11:30+08:00][sql] SELECT COUNT(`id`) AS think_count FROM `sa_system_log` WHERE  `line` > 0 LIMIT 1 [ RunTime:0.000387s ]
[2022-08-17T16:11:30+08:00][sql] SHOW FULL COLUMNS FROM `sa_user_validate` [ RunTime:0.000948s ]
[2022-08-17T16:11:30+08:00][sql] SELECT COUNT(`id`) AS think_count FROM `sa_user_validate` WHERE (  `email` IS NOT NULL ) AND `sa_user_validate`.`delete_time` IS NULL LIMIT 1 [ RunTime:0.000378s ]
[2022-08-17T16:11:30+08:00][sql] SELECT COUNT(`id`) AS think_count FROM `sa_user_validate` WHERE (  `mobile` IS NOT NULL ) AND `sa_user_validate`.`delete_time` IS NULL LIMIT 1 [ RunTime:0.000407s ]
[2022-08-17T16:11:30+08:00][sql] SELECT COUNT(`id`) AS think_count FROM `sa_user` WHERE `sa_user`.`delete_time` IS NULL LIMIT 1 [ RunTime:0.000438s ]
[2022-08-17T16:11:30+08:00][sql] SHOW FULL COLUMNS FROM `sa_user_third` [ RunTime:0.001282s ]
[2022-08-17T16:11:30+08:00][sql] SELECT COUNT(`id`) AS think_count FROM `sa_user_third` LIMIT 1 [ RunTime:0.000426s ]
[2022-08-17T16:11:30+08:00][sql] SELECT * FROM `sa_config` [ RunTime:0.000651s ]
[2022-08-17T16:11:34+08:00][sql] CONNECT:[ UseTime:0.022769s ] mysql:host=127.0.0.1;port=3306;dbname=swiftadmin;charset=utf8mb4
[2022-08-17T16:11:34+08:00][sql] SHOW FULL COLUMNS FROM `sa_admin` [ RunTime:0.005910s ]
[2022-08-17T16:11:34+08:00][sql] SELECT `group_id` FROM `sa_admin` WHERE  `id` = 1 LIMIT 1 [ RunTime:0.000570s ]
[2022-08-17T16:11:34+08:00][sql] SHOW FULL COLUMNS FROM `sa_config` [ RunTime:0.006468s ]
[2022-08-17T16:11:34+08:00][sql] SELECT * FROM `sa_config` [ RunTime:0.000990s ]
[2022-08-17T16:11:34+08:00][sql] SELECT * FROM `sa_config` [ RunTime:0.000801s ]
[2022-08-17T16:11:34+08:00][sql] SELECT * FROM `sa_config` [ RunTime:0.000832s ]
[2022-08-17T16:11:59+08:00][sql] CONNECT:[ UseTime:0.001615s ] mysql:host=127.0.0.1;port=3306;dbname=swiftadmin;charset=utf8mb4
[2022-08-17T16:11:59+08:00][sql] SHOW FULL COLUMNS FROM `sa_config` [ RunTime:0.004417s ]
[2022-08-17T16:11:59+08:00][sql] SELECT * FROM `sa_config` [ RunTime:0.000509s ]
[2022-08-17T16:11:59+08:00][sql] SELECT * FROM `sa_config` [ RunTime:0.000825s ]
[2022-08-17T16:12:00+08:00][sql] CONNECT:[ UseTime:0.001867s ] mysql:host=127.0.0.1;port=3306;dbname=swiftadmin;charset=utf8mb4
[2022-08-17T16:12:00+08:00][sql] SHOW FULL COLUMNS FROM `sa_admin` [ RunTime:0.005312s ]
[2022-08-17T16:12:00+08:00][sql] SELECT `group_id` FROM `sa_admin` WHERE  `id` = 1 LIMIT 1 [ RunTime:0.000397s ]
[2022-08-17T16:12:00+08:00][sql] SHOW FULL COLUMNS FROM `sa_config` [ RunTime:0.004849s ]
[2022-08-17T16:12:00+08:00][sql] SELECT * FROM `sa_config` [ RunTime:0.000492s ]
[2022-08-17T16:12:00+08:00][sql] SHOW FULL COLUMNS FROM `sa_jobs` [ RunTime:0.005141s ]
[2022-08-17T16:12:00+08:00][sql] SELECT * FROM `sa_jobs` WHERE `sa_jobs`.`delete_time` IS NULL [ RunTime:0.001414s ]
[2022-08-17T16:12:00+08:00][sql] SHOW FULL COLUMNS FROM `sa_admin_group` [ RunTime:0.005131s ]
[2022-08-17T16:12:00+08:00][sql] SELECT * FROM `sa_admin_group` [ RunTime:0.000409s ]
[2022-08-17T16:12:00+08:00][sql] SHOW FULL COLUMNS FROM `sa_department` [ RunTime:0.005118s ]
[2022-08-17T16:12:00+08:00][sql] SELECT * FROM `sa_department` WHERE `sa_department`.`delete_time` IS NULL [ RunTime:0.000774s ]
[2022-08-17T16:12:00+08:00][sql] SHOW FULL COLUMNS FROM `sa_admin_access` [ RunTime:0.004996s ]
[2022-08-17T16:12:00+08:00][sql] SELECT * FROM `sa_admin_access` WHERE  `admin_id` = 1 LIMIT 1 [ RunTime:0.000361s ]
[2022-08-17T16:12:00+08:00][sql] SELECT * FROM `sa_admin_group` WHERE  `id` = 1 [ RunTime:0.000327s ]
[2022-08-17T16:12:00+08:00][sql] SELECT `group_id` FROM `sa_admin` WHERE  `id` = 1 LIMIT 1 [ RunTime:0.000291s ]
[2022-08-17T16:12:00+08:00][sql] SHOW FULL COLUMNS FROM `sa_admin_rules` [ RunTime:0.005446s ]
[2022-08-17T16:12:00+08:00][sql] SELECT * FROM `sa_admin_rules` WHERE (  `status` = 1 ) AND `sa_admin_rules`.`delete_time` IS NULL ORDER BY `sort` ASC [ RunTime:0.000838s ]
[2022-08-17T16:12:00+08:00][sql] SELECT `group_id` FROM `sa_admin` WHERE  `id` = 1 LIMIT 1 [ RunTime:0.000552s ]
[2022-08-17T16:12:00+08:00][sql] CONNECT:[ UseTime:0.001923s ] mysql:host=127.0.0.1;port=3306;dbname=swiftadmin;charset=utf8mb4
[2022-08-17T16:12:00+08:00][sql] SHOW FULL COLUMNS FROM `sa_admin` [ RunTime:0.004913s ]
[2022-08-17T16:12:00+08:00][sql] SELECT `group_id` FROM `sa_admin` WHERE  `id` = 1 LIMIT 1 [ RunTime:0.000445s ]
[2022-08-17T16:12:00+08:00][sql] SHOW FULL COLUMNS FROM `sa_config` [ RunTime:0.006040s ]
[2022-08-17T16:12:00+08:00][sql] SELECT * FROM `sa_config` [ RunTime:0.000712s ]
[2022-08-17T16:12:00+08:00][sql] SHOW FULL COLUMNS FROM `sa_user` [ RunTime:0.007129s ]
[2022-08-17T16:12:00+08:00][sql] SELECT FROM_UNIXTIME(create_time, '%m-%d') as day,count(*) as count FROM `sa_user` WHERE (  `create_time` BETWEEN 1658073600 AND 1660751999 ) AND `sa_user`.`delete_time` IS NULL GROUP BY `create_time` [ RunTime:0.000787s ]
[2022-08-17T16:12:00+08:00][sql] SELECT FROM_UNIXTIME(login_time, '%m-%d') as day,count(*) as count FROM `sa_user` WHERE (  `login_time` BETWEEN 1658073600 AND 1660751999 ) AND `sa_user`.`delete_time` IS NULL GROUP BY `login_time` [ RunTime:0.000904s ]
[2022-08-17T16:12:00+08:00][sql] SELECT FROM_UNIXTIME(create_time, '%m-%d') as day,count(*) as count FROM `sa_user` WHERE (  `create_time` BETWEEN 1658073600 AND 1660751999  AND `invite_id` <> 0 ) AND `sa_user`.`delete_time` IS NULL GROUP BY `create_time` [ RunTime:0.000558s ]
[2022-08-17T16:12:00+08:00][sql] SELECT group_id,count(id) as count FROM `sa_user` WHERE `sa_user`.`delete_time` IS NULL GROUP BY `group_id` [ RunTime:0.000369s ]
[2022-08-17T16:12:00+08:00][sql] SHOW FULL COLUMNS FROM `sa_user_group` [ RunTime:0.005728s ]
[2022-08-17T16:12:00+08:00][sql] SELECT `title` FROM `sa_user_group` WHERE (  `id` = 1 ) AND `sa_user_group`.`delete_time` IS NULL LIMIT 1 [ RunTime:0.000558s ]
[2022-08-17T16:12:00+08:00][sql] SELECT COUNT(*) AS think_count FROM `sa_user` WHERE (  `gender` = 1 ) AND `sa_user`.`delete_time` IS NULL LIMIT 1 [ RunTime:0.000370s ]
[2022-08-17T16:12:00+08:00][sql] SELECT COUNT(*) AS think_count FROM `sa_user` WHERE (  `gender` = 0 ) AND `sa_user`.`delete_time` IS NULL LIMIT 1 [ RunTime:0.000569s ]
[2022-08-17T16:12:00+08:00][sql] SHOW TABLE STATUS [ RunTime:0.057719s ]
[2022-08-17T16:12:00+08:00][sql] SHOW FULL COLUMNS FROM `sa_attachment` [ RunTime:0.000981s ]
[2022-08-17T16:12:00+08:00][sql] SELECT COUNT(*) AS think_count FROM `sa_attachment` LIMIT 1 [ RunTime:0.000360s ]
[2022-08-17T16:12:00+08:00][sql] SELECT SUM(`filesize`) AS think_sum FROM `sa_attachment` LIMIT 1 [ RunTime:0.000413s ]
[2022-08-17T16:12:00+08:00][sql] SHOW FULL COLUMNS FROM `sa_system_log` [ RunTime:0.001310s ]
[2022-08-17T16:12:00+08:00][sql] SELECT COUNT(`id`) AS think_count FROM `sa_system_log` LIMIT 1 [ RunTime:0.000505s ]
[2022-08-17T16:12:00+08:00][sql] SELECT COUNT(`id`) AS think_count FROM `sa_system_log` WHERE  `line` > 0 LIMIT 1 [ RunTime:0.000568s ]
[2022-08-17T16:12:00+08:00][sql] SHOW FULL COLUMNS FROM `sa_user_validate` [ RunTime:0.001430s ]
[2022-08-17T16:12:00+08:00][sql] SELECT COUNT(`id`) AS think_count FROM `sa_user_validate` WHERE (  `email` IS NOT NULL ) AND `sa_user_validate`.`delete_time` IS NULL LIMIT 1 [ RunTime:0.000428s ]
[2022-08-17T16:12:00+08:00][sql] SELECT COUNT(`id`) AS think_count FROM `sa_user_validate` WHERE (  `mobile` IS NOT NULL ) AND `sa_user_validate`.`delete_time` IS NULL LIMIT 1 [ RunTime:0.000363s ]
[2022-08-17T16:12:00+08:00][sql] SELECT COUNT(`id`) AS think_count FROM `sa_user` WHERE `sa_user`.`delete_time` IS NULL LIMIT 1 [ RunTime:0.000401s ]
[2022-08-17T16:12:00+08:00][sql] SHOW FULL COLUMNS FROM `sa_user_third` [ RunTime:0.000969s ]
[2022-08-17T16:12:00+08:00][sql] SELECT COUNT(`id`) AS think_count FROM `sa_user_third` LIMIT 1 [ RunTime:0.000301s ]
[2022-08-17T16:12:00+08:00][sql] SELECT * FROM `sa_config` [ RunTime:0.001004s ]
[2022-08-17T16:23:42+08:00][sql] CONNECT:[ UseTime:0.001815s ] mysql:host=127.0.0.1;port=3306;dbname=swiftadmin;charset=utf8mb4
[2022-08-17T16:23:42+08:00][sql] SHOW FULL COLUMNS FROM `sa_config` [ RunTime:0.000946s ]
[2022-08-17T16:23:42+08:00][sql] SELECT * FROM `sa_config` [ RunTime:0.000478s ]
[2022-08-17T16:23:42+08:00][sql] SELECT * FROM `sa_config` [ RunTime:0.000682s ]
[2022-08-17T16:23:43+08:00][sql] CONNECT:[ UseTime:0.025697s ] mysql:host=127.0.0.1;port=3306;dbname=swiftadmin;charset=utf8mb4
[2022-08-17T16:23:43+08:00][sql] SHOW FULL COLUMNS FROM `sa_admin` [ RunTime:0.005224s ]
[2022-08-17T16:23:43+08:00][sql] SELECT `group_id` FROM `sa_admin` WHERE  `id` = 1 LIMIT 1 [ RunTime:0.000806s ]
[2022-08-17T16:23:43+08:00][sql] SHOW FULL COLUMNS FROM `sa_config` [ RunTime:0.000952s ]
[2022-08-17T16:23:43+08:00][sql] SELECT * FROM `sa_config` [ RunTime:0.000472s ]
[2022-08-17T16:23:43+08:00][sql] SHOW FULL COLUMNS FROM `sa_jobs` [ RunTime:0.004967s ]
[2022-08-17T16:23:43+08:00][sql] SELECT * FROM `sa_jobs` WHERE `sa_jobs`.`delete_time` IS NULL [ RunTime:0.000874s ]
[2022-08-17T16:23:43+08:00][sql] SHOW FULL COLUMNS FROM `sa_admin_group` [ RunTime:0.006828s ]
[2022-08-17T16:23:43+08:00][sql] SELECT * FROM `sa_admin_group` [ RunTime:0.000403s ]
[2022-08-17T16:23:43+08:00][sql] SHOW FULL COLUMNS FROM `sa_department` [ RunTime:0.005637s ]
[2022-08-17T16:23:43+08:00][sql] SELECT * FROM `sa_department` WHERE `sa_department`.`delete_time` IS NULL [ RunTime:0.000452s ]
[2022-08-17T16:23:43+08:00][sql] SHOW FULL COLUMNS FROM `sa_admin_access` [ RunTime:0.005486s ]
[2022-08-17T16:23:43+08:00][sql] SELECT * FROM `sa_admin_access` WHERE  `admin_id` = 1 LIMIT 1 [ RunTime:0.000436s ]
[2022-08-17T16:23:43+08:00][sql] SELECT * FROM `sa_admin_group` WHERE  `id` = 1 [ RunTime:0.000479s ]
[2022-08-17T16:23:43+08:00][sql] SELECT `group_id` FROM `sa_admin` WHERE  `id` = 1 LIMIT 1 [ RunTime:0.000422s ]
[2022-08-17T16:23:43+08:00][sql] SHOW FULL COLUMNS FROM `sa_admin_rules` [ RunTime:0.004702s ]
[2022-08-17T16:23:43+08:00][sql] SELECT * FROM `sa_admin_rules` WHERE (  `status` = 1 ) AND `sa_admin_rules`.`delete_time` IS NULL ORDER BY `sort` ASC [ RunTime:0.000812s ]
[2022-08-17T16:23:43+08:00][sql] SELECT `group_id` FROM `sa_admin` WHERE  `id` = 1 LIMIT 1 [ RunTime:0.000648s ]
[2022-08-17T16:23:43+08:00][sql] CONNECT:[ UseTime:0.013002s ] mysql:host=127.0.0.1;port=3306;dbname=swiftadmin;charset=utf8mb4
[2022-08-17T16:23:43+08:00][sql] SHOW FULL COLUMNS FROM `sa_admin` [ RunTime:0.001100s ]
[2022-08-17T16:23:43+08:00][sql] SELECT `group_id` FROM `sa_admin` WHERE  `id` = 1 LIMIT 1 [ RunTime:0.000362s ]
[2022-08-17T16:23:43+08:00][sql] SHOW FULL COLUMNS FROM `sa_config` [ RunTime:0.001085s ]
[2022-08-17T16:23:43+08:00][sql] SELECT * FROM `sa_config` [ RunTime:0.000737s ]
[2022-08-17T16:23:43+08:00][sql] SHOW FULL COLUMNS FROM `sa_user` [ RunTime:0.005093s ]
[2022-08-17T16:23:43+08:00][sql] SELECT FROM_UNIXTIME(create_time, '%m-%d') as day,count(*) as count FROM `sa_user` WHERE (  `create_time` BETWEEN 1658073600 AND 1660751999 ) AND `sa_user`.`delete_time` IS NULL GROUP BY `create_time` [ RunTime:0.000623s ]
[2022-08-17T16:23:43+08:00][sql] SELECT FROM_UNIXTIME(login_time, '%m-%d') as day,count(*) as count FROM `sa_user` WHERE (  `login_time` BETWEEN 1658073600 AND 1660751999 ) AND `sa_user`.`delete_time` IS NULL GROUP BY `login_time` [ RunTime:0.000383s ]
[2022-08-17T16:23:43+08:00][sql] SELECT FROM_UNIXTIME(create_time, '%m-%d') as day,count(*) as count FROM `sa_user` WHERE (  `create_time` BETWEEN 1658073600 AND 1660751999  AND `invite_id` <> 0 ) AND `sa_user`.`delete_time` IS NULL GROUP BY `create_time` [ RunTime:0.000409s ]
[2022-08-17T16:23:43+08:00][sql] SELECT group_id,count(id) as count FROM `sa_user` WHERE `sa_user`.`delete_time` IS NULL GROUP BY `group_id` [ RunTime:0.000368s ]
[2022-08-17T16:23:43+08:00][sql] SHOW FULL COLUMNS FROM `sa_user_group` [ RunTime:0.005130s ]
[2022-08-17T16:23:43+08:00][sql] SELECT `title` FROM `sa_user_group` WHERE (  `id` = 1 ) AND `sa_user_group`.`delete_time` IS NULL LIMIT 1 [ RunTime:0.000452s ]
[2022-08-17T16:23:43+08:00][sql] SELECT COUNT(*) AS think_count FROM `sa_user` WHERE (  `gender` = 1 ) AND `sa_user`.`delete_time` IS NULL LIMIT 1 [ RunTime:0.000319s ]
[2022-08-17T16:23:43+08:00][sql] SELECT COUNT(*) AS think_count FROM `sa_user` WHERE (  `gender` = 0 ) AND `sa_user`.`delete_time` IS NULL LIMIT 1 [ RunTime:0.000304s ]
[2022-08-17T16:23:43+08:00][sql] SHOW TABLE STATUS [ RunTime:0.045007s ]
[2022-08-17T16:23:43+08:00][sql] SHOW FULL COLUMNS FROM `sa_attachment` [ RunTime:0.001015s ]
[2022-08-17T16:23:43+08:00][sql] SELECT COUNT(*) AS think_count FROM `sa_attachment` LIMIT 1 [ RunTime:0.000321s ]
[2022-08-17T16:23:43+08:00][sql] SELECT SUM(`filesize`) AS think_sum FROM `sa_attachment` LIMIT 1 [ RunTime:0.000283s ]
[2022-08-17T16:23:43+08:00][sql] SHOW FULL COLUMNS FROM `sa_system_log` [ RunTime:0.000847s ]
[2022-08-17T16:23:43+08:00][sql] SELECT COUNT(`id`) AS think_count FROM `sa_system_log` LIMIT 1 [ RunTime:0.000282s ]
[2022-08-17T16:23:43+08:00][sql] SELECT COUNT(`id`) AS think_count FROM `sa_system_log` WHERE  `line` > 0 LIMIT 1 [ RunTime:0.000314s ]
[2022-08-17T16:23:43+08:00][sql] SHOW FULL COLUMNS FROM `sa_user_validate` [ RunTime:0.000808s ]
[2022-08-17T16:23:43+08:00][sql] SELECT COUNT(`id`) AS think_count FROM `sa_user_validate` WHERE (  `email` IS NOT NULL ) AND `sa_user_validate`.`delete_time` IS NULL LIMIT 1 [ RunTime:0.000311s ]
[2022-08-17T16:23:43+08:00][sql] SELECT COUNT(`id`) AS think_count FROM `sa_user_validate` WHERE (  `mobile` IS NOT NULL ) AND `sa_user_validate`.`delete_time` IS NULL LIMIT 1 [ RunTime:0.000285s ]
[2022-08-17T16:23:43+08:00][sql] SELECT COUNT(`id`) AS think_count FROM `sa_user` WHERE `sa_user`.`delete_time` IS NULL LIMIT 1 [ RunTime:0.000292s ]
[2022-08-17T16:23:43+08:00][sql] SHOW FULL COLUMNS FROM `sa_user_third` [ RunTime:0.000827s ]
[2022-08-17T16:23:43+08:00][sql] SELECT COUNT(`id`) AS think_count FROM `sa_user_third` LIMIT 1 [ RunTime:0.000286s ]
[2022-08-17T16:23:43+08:00][sql] SELECT * FROM `sa_config` [ RunTime:0.000651s ]
[2022-08-17T16:23:47+08:00][sql] CONNECT:[ UseTime:0.001549s ] mysql:host=127.0.0.1;port=3306;dbname=swiftadmin;charset=utf8mb4
[2022-08-17T16:23:47+08:00][sql] SHOW FULL COLUMNS FROM `sa_admin` [ RunTime:0.005364s ]
[2022-08-17T16:23:47+08:00][sql] SELECT `group_id` FROM `sa_admin` WHERE  `id` = 1 LIMIT 1 [ RunTime:0.000570s ]
[2022-08-17T16:23:47+08:00][sql] SHOW FULL COLUMNS FROM `sa_config` [ RunTime:0.000969s ]
[2022-08-17T16:23:47+08:00][sql] SELECT * FROM `sa_config` [ RunTime:0.000473s ]
[2022-08-17T16:23:47+08:00][sql] SELECT * FROM `sa_config` [ RunTime:0.000647s ]
[2022-08-17T16:23:47+08:00][sql] SELECT * FROM `sa_config` [ RunTime:0.000703s ]
